{"C:\\Users\\brayan\\Documents\\ecommercetotal\\api\\src\\server.ts": {"path":"C:\\Users\\brayan\\Documents\\ecommercetotal\\api\\src\\server.ts","statementMap":{"0":{"start":{"line":1,"column":0},"end":{"line":1,"column":30}},"1":{"start":{"line":2,"column":0},"end":{"line":2,"column":24}},"2":{"start":{"line":3,"column":0},"end":{"line":3,"column":28}},"3":{"start":{"line":4,"column":0},"end":{"line":4,"column":50}},"4":{"start":{"line":5,"column":0},"end":{"line":5,"column":45}},"5":{"start":{"line":6,"column":0},"end":{"line":6,"column":45}},"6":{"start":{"line":7,"column":0},"end":{"line":7,"column":53}},"7":{"start":{"line":8,"column":0},"end":{"line":8,"column":51}},"8":{"start":{"line":9,"column":0},"end":{"line":9,"column":45}},"9":{"start":{"line":10,"column":0},"end":{"line":10,"column":45}},"10":{"start":{"line":11,"column":0},"end":{"line":11,"column":24}},"11":{"start":{"line":13,"column":0},"end":{"line":13,"column":16}},"12":{"start":{"line":15,"column":10},"end":{"line":15,"column":19}},"13":{"start":{"line":18,"column":0},"end":{"line":18,"column":16}},"14":{"start":{"line":19,"column":0},"end":{"line":19,"column":24}},"15":{"start":{"line":20,"column":0},"end":{"line":20,"column":27}},"16":{"start":{"line":21,"column":0},"end":{"line":21,"column":27}},"17":{"start":{"line":22,"column":0},"end":{"line":22,"column":31}},"18":{"start":{"line":23,"column":0},"end":{"line":23,"column":30}},"19":{"start":{"line":24,"column":0},"end":{"line":24,"column":27}},"20":{"start":{"line":25,"column":0},"end":{"line":25,"column":27}},"21":{"start":{"line":28,"column":20},"end":{"line":28,"column":51}},"22":{"start":{"line":29,"column":0},"end":{"line":29,"column":49}},"23":{"start":{"line":31,"column":0},"end":{"line":31,"column":19}},"24":{"start":{"line":33,"column":0},"end":{"line":41,"column":null}},"25":{"start":{"line":34,"column":4},"end":{"line":34,"column":45}},"26":{"start":{"line":37,"column":4},"end":{"line":37,"column":83}},"27":{"start":{"line":37,"column":27},"end":{"line":37,"column":81}},"28":{"start":{"line":39,"column":4},"end":{"line":39,"column":65}},"29":{"start":{"line":40,"column":4},"end":{"line":40,"column":20}}},"fnMap":{"0":{"name":"(anonymous_1)","decl":{"start":{"line":33,"column":32},"end":{"line":33,"column":34}},"loc":{"start":{"line":33,"column":36},"end":{"line":38,"column":1}}},"1":{"name":"(anonymous_2)","decl":{"start":{"line":37,"column":21},"end":{"line":37,"column":24}},"loc":{"start":{"line":37,"column":27},"end":{"line":37,"column":81}}},"2":{"name":"(anonymous_3)","decl":{"start":{"line":38,"column":9},"end":{"line":38,"column":10}},"loc":{"start":{"line":38,"column":19},"end":{"line":41,"column":1}}}},"branchMap":{},"s":{"0":1,"1":1,"2":1,"3":1,"4":1,"5":1,"6":1,"7":1,"8":1,"9":1,"10":1,"11":1,"12":1,"13":1,"14":1,"15":1,"16":1,"17":1,"18":1,"19":1,"20":1,"21":1,"22":1,"23":1,"24":1,"25":1,"26":1,"27":1,"28":0,"29":0},"f":{"0":1,"1":1,"2":0},"b":{}}
,"C:\\Users\\brayan\\Documents\\ecommercetotal\\api\\src\\config\\database.ts": {"path":"C:\\Users\\brayan\\Documents\\ecommercetotal\\api\\src\\config\\database.ts","statementMap":{"0":{"start":{"line":1,"column":0},"end":{"line":1,"column":26}},"1":{"start":{"line":2,"column":0},"end":{"line":2,"column":37}},"2":{"start":{"line":3,"column":0},"end":{"line":3,"column":28}},"3":{"start":{"line":5,"column":0},"end":{"line":5,"column":16}},"4":{"start":{"line":7,"column":13},"end":{"line":18,"column":null}}},"fnMap":{},"branchMap":{"0":{"loc":{"start":{"line":9,"column":8},"end":{"line":9,"column":42}},"type":"binary-expr","locations":[{"start":{"line":9,"column":8},"end":{"line":9,"column":27}},{"start":{"line":9,"column":31},"end":{"line":9,"column":42}}]},"1":{"loc":{"start":{"line":10,"column":8},"end":{"line":10,"column":43}},"type":"binary-expr","locations":[{"start":{"line":10,"column":8},"end":{"line":10,"column":35}},{"start":{"line":10,"column":39},"end":{"line":10,"column":43}}]},"2":{"loc":{"start":{"line":11,"column":12},"end":{"line":11,"column":45}},"type":"binary-expr","locations":[{"start":{"line":11,"column":12},"end":{"line":11,"column":31}},{"start":{"line":11,"column":35},"end":{"line":11,"column":45}}]},"3":{"loc":{"start":{"line":12,"column":12},"end":{"line":12,"column":43}},"type":"binary-expr","locations":[{"start":{"line":12,"column":12},"end":{"line":12,"column":31}},{"start":{"line":12,"column":35},"end":{"line":12,"column":43}}]},"4":{"loc":{"start":{"line":13,"column":12},"end":{"line":13,"column":52}},"type":"binary-expr","locations":[{"start":{"line":13,"column":12},"end":{"line":13,"column":31}},{"start":{"line":13,"column":35},"end":{"line":13,"column":52}}]}},"s":{"0":2,"1":2,"2":2,"3":2,"4":2},"f":{},"b":{"0":[2,0],"1":[2,0],"2":[2,0],"3":[2,0],"4":[2,0]}}
,"C:\\Users\\brayan\\Documents\\ecommercetotal\\api\\src\\config\\jwt.ts": {"path":"C:\\Users\\brayan\\Documents\\ecommercetotal\\api\\src\\config\\jwt.ts","statementMap":{"0":{"start":{"line":1,"column":0},"end":{"line":1,"column":31}},"1":{"start":{"line":2,"column":0},"end":{"line":2,"column":28}},"2":{"start":{"line":4,"column":0},"end":{"line":4,"column":16}},"3":{"start":{"line":6,"column":17},"end":{"line":6,"column":51}},"4":{"start":{"line":8,"column":27},"end":{"line":10,"column":1}},"5":{"start":{"line":9,"column":4},"end":{"line":9,"column":58}},"6":{"start":{"line":8,"column":13},"end":{"line":8,"column":27}},"7":{"start":{"line":12,"column":25},"end":{"line":14,"column":1}},"8":{"start":{"line":13,"column":4},"end":{"line":13,"column":40}},"9":{"start":{"line":12,"column":13},"end":{"line":12,"column":25}}},"fnMap":{"0":{"name":"(anonymous_1)","decl":{"start":{"line":8,"column":27},"end":{"line":8,"column":28}},"loc":{"start":{"line":8,"column":52},"end":{"line":10,"column":1}}},"1":{"name":"(anonymous_2)","decl":{"start":{"line":12,"column":25},"end":{"line":12,"column":26}},"loc":{"start":{"line":12,"column":45},"end":{"line":14,"column":1}}}},"branchMap":{"0":{"loc":{"start":{"line":6,"column":17},"end":{"line":6,"column":51}},"type":"binary-expr","locations":[{"start":{"line":6,"column":17},"end":{"line":6,"column":39}},{"start":{"line":6,"column":43},"end":{"line":6,"column":51}}]}},"s":{"0":2,"1":2,"2":2,"3":2,"4":2,"5":0,"6":2,"7":2,"8":0,"9":2},"f":{"0":0,"1":0},"b":{"0":[2,2]}}
,"C:\\Users\\brayan\\Documents\\ecommercetotal\\api\\src\\config\\multer.ts": {"path":"C:\\Users\\brayan\\Documents\\ecommercetotal\\api\\src\\config\\multer.ts","statementMap":{"0":{"start":{"line":1,"column":0},"end":{"line":1,"column":28}},"1":{"start":{"line":2,"column":0},"end":{"line":2,"column":24}},"2":{"start":{"line":3,"column":0},"end":{"line":3,"column":20}},"3":{"start":{"line":6,"column":18},"end":{"line":6,"column":52}},"4":{"start":{"line":9,"column":0},"end":{"line":11,"column":1}},"5":{"start":{"line":10,"column":2},"end":{"line":10,"column":47}},"6":{"start":{"line":14,"column":16},"end":{"line":22,"column":2}},"7":{"start":{"line":16,"column":4},"end":{"line":16,"column":24}},"8":{"start":{"line":19,"column":25},"end":{"line":19,"column":75}},"9":{"start":{"line":20,"column":4},"end":{"line":20,"column":84}},"10":{"start":{"line":25,"column":19},"end":{"line":31,"column":1}},"11":{"start":{"line":26,"column":2},"end":{"line":30,"column":3}},"12":{"start":{"line":27,"column":4},"end":{"line":27,"column":19}},"13":{"start":{"line":29,"column":4},"end":{"line":29,"column":56}},"14":{"start":{"line":33,"column":15},"end":{"line":33,"column":67}},"15":{"start":{"line":35,"column":0},"end":{"line":35,"column":22}}},"fnMap":{"0":{"name":"(anonymous_1)","decl":{"start":{"line":15,"column":15},"end":{"line":15,"column":25}},"loc":{"start":{"line":15,"column":38},"end":{"line":17,"column":3}}},"1":{"name":"(anonymous_2)","decl":{"start":{"line":18,"column":12},"end":{"line":18,"column":22}},"loc":{"start":{"line":18,"column":35},"end":{"line":21,"column":3}}},"2":{"name":"(anonymous_3)","decl":{"start":{"line":25,"column":19},"end":{"line":25,"column":20}},"loc":{"start":{"line":25,"column":52},"end":{"line":31,"column":1}}}},"branchMap":{"0":{"loc":{"start":{"line":9,"column":0},"end":{"line":11,"column":1}},"type":"if","locations":[{"start":{"line":9,"column":0},"end":{"line":11,"column":1}}]},"1":{"loc":{"start":{"line":26,"column":2},"end":{"line":30,"column":3}},"type":"if","locations":[{"start":{"line":26,"column":2},"end":{"line":30,"column":3}},{"start":{"line":28,"column":9},"end":{"line":30,"column":3}}]}},"s":{"0":1,"1":1,"2":1,"3":1,"4":1,"5":0,"6":1,"7":0,"8":0,"9":0,"10":1,"11":0,"12":0,"13":0,"14":1,"15":1},"f":{"0":0,"1":0,"2":0},"b":{"0":[0],"1":[0,0]}}
,"C:\\Users\\brayan\\Documents\\ecommercetotal\\api\\src\\controllers\\AuthController.ts": {"path":"C:\\Users\\brayan\\Documents\\ecommercetotal\\api\\src\\controllers\\AuthController.ts","statementMap":{"0":{"start":{"line":2,"column":0},"end":{"line":2,"column":54}},"1":{"start":{"line":3,"column":0},"end":{"line":3,"column":56}},"2":{"start":{"line":9,"column":8},"end":{"line":9,"column":43}},"3":{"start":{"line":13,"column":7},"end":{"line":22,"column":8}},"4":{"start":{"line":14,"column":21},"end":{"line":14,"column":83}},"5":{"start":{"line":15,"column":8},"end":{"line":15,"column":37}},"6":{"start":{"line":17,"column":8},"end":{"line":21,"column":9}},"7":{"start":{"line":18,"column":12},"end":{"line":18,"column":56}},"8":{"start":{"line":20,"column":12},"end":{"line":20,"column":null}},"9":{"start":{"line":26,"column":8},"end":{"line":36,"column":9}},"10":{"start":{"line":27,"column":23},"end":{"line":27,"column":64}},"11":{"start":{"line":28,"column":12},"end":{"line":31,"column":null}},"12":{"start":{"line":34,"column":8},"end":{"line":34,"column":null}},"13":{"start":{"line":5,"column":0},"end":{"line":5,"column":13}}},"fnMap":{"0":{"name":"(anonymous_7)","decl":{"start":{"line":8,"column":4},"end":{"line":8,"column":null}},"loc":{"start":{"line":8,"column":4},"end":{"line":10,"column":5}}},"1":{"name":"(anonymous_8)","decl":{"start":{"line":12,"column":10},"end":{"line":12,"column":15}},"loc":{"start":{"line":12,"column":40},"end":{"line":23,"column":null}}},"2":{"name":"(anonymous_10)","decl":{"start":{"line":25,"column":10},"end":{"line":25,"column":18}},"loc":{"start":{"line":25,"column":43},"end":{"line":37,"column":null}}}},"branchMap":{"0":{"loc":{"start":{"line":17,"column":8},"end":{"line":21,"column":9}},"type":"if","locations":[{"start":{"line":17,"column":8},"end":{"line":21,"column":9}},{"start":{"line":19,"column":13},"end":{"line":21,"column":9}}]},"1":{"loc":{"start":{"line":20,"column":40},"end":{"line":20,"column":101}},"type":"cond-expr","locations":[{"start":{"line":20,"column":65},"end":{"line":20,"column":78}},{"start":{"line":20,"column":81},"end":{"line":20,"column":101}}]},"2":{"loc":{"start":{"line":34,"column":36},"end":{"line":34,"column":99}},"type":"cond-expr","locations":[{"start":{"line":34,"column":61},"end":{"line":34,"column":74}},{"start":{"line":34,"column":77},"end":{"line":34,"column":99}}]}},"s":{"0":1,"1":1,"2":1,"3":0,"4":0,"5":0,"6":0,"7":0,"8":0,"9":0,"10":0,"11":0,"12":0,"13":1},"f":{"0":1,"1":0,"2":0},"b":{"0":[0,0],"1":[0,0],"2":[0,0]}}
,"C:\\Users\\brayan\\Documents\\ecommercetotal\\api\\src\\controllers\\CategoryController.ts": {"path":"C:\\Users\\brayan\\Documents\\ecommercetotal\\api\\src\\controllers\\CategoryController.ts","statementMap":{"0":{"start":{"line":2,"column":0},"end":{"line":2,"column":62}},"1":{"start":{"line":32,"column":3},"end":{"line":43,"column":null}},"2":{"start":{"line":32,"column":53},"end":{"line":43,"column":null}},"3":{"start":{"line":33,"column":2},"end":{"line":42,"column":3}},"4":{"start":{"line":34,"column":19},"end":{"line":34,"column":70}},"5":{"start":{"line":35,"column":4},"end":{"line":38,"column":7}},"6":{"start":{"line":41,"column":4},"end":{"line":41,"column":null}},"7":{"start":{"line":8,"column":4},"end":{"line":8,"column":47}},"8":{"start":{"line":12,"column":6},"end":{"line":19,"column":7}},"9":{"start":{"line":13,"column":19},"end":{"line":13,"column":100}},"10":{"start":{"line":14,"column":20},"end":{"line":14,"column":104}},"11":{"start":{"line":15,"column":25},"end":{"line":15,"column":77}},"12":{"start":{"line":16,"column":8},"end":{"line":16,"column":41}},"13":{"start":{"line":18,"column":8},"end":{"line":18,"column":null}},"14":{"start":{"line":23,"column":5},"end":{"line":29,"column":6}},"15":{"start":{"line":24,"column":23},"end":{"line":24,"column":84}},"16":{"start":{"line":25,"column":8},"end":{"line":25,"column":88}},"17":{"start":{"line":25,"column":22},"end":{"line":25,"column":88}},"18":{"start":{"line":26,"column":8},"end":{"line":26,"column":48}},"19":{"start":{"line":28,"column":8},"end":{"line":28,"column":null}},"20":{"start":{"line":46,"column":8},"end":{"line":54,"column":9}},"21":{"start":{"line":47,"column":28},"end":{"line":47,"column":101}},"22":{"start":{"line":48,"column":12},"end":{"line":51,"column":null}},"23":{"start":{"line":53,"column":12},"end":{"line":53,"column":null}},"24":{"start":{"line":58,"column":8},"end":{"line":70,"column":9}},"25":{"start":{"line":59,"column":28},"end":{"line":59,"column":89}},"26":{"start":{"line":60,"column":12},"end":{"line":63,"column":13}},"27":{"start":{"line":61,"column":16},"end":{"line":61,"column":74}},"28":{"start":{"line":62,"column":16},"end":{"line":62,"column":23}},"29":{"start":{"line":64,"column":12},"end":{"line":64,"column":77}},"30":{"start":{"line":65,"column":12},"end":{"line":67,"column":null}},"31":{"start":{"line":69,"column":12},"end":{"line":69,"column":null}},"32":{"start":{"line":4,"column":0},"end":{"line":4,"column":13}}},"fnMap":{"0":{"name":"(anonymous_7)","decl":{"start":{"line":7,"column":2},"end":{"line":7,"column":null}},"loc":{"start":{"line":7,"column":2},"end":{"line":9,"column":3}}},"1":{"name":"(anonymous_8)","decl":{"start":{"line":32,"column":19},"end":{"line":32,"column":26}},"loc":{"start":{"line":32,"column":53},"end":{"line":43,"column":null}}},"2":{"name":"(anonymous_9)","decl":{"start":{"line":32,"column":53},"end":{"line":32,"column":null}},"loc":{"start":{"line":32,"column":53},"end":{"line":43,"column":5}}},"3":{"name":"(anonymous_10)","decl":{"start":{"line":11,"column":10},"end":{"line":11,"column":23}},"loc":{"start":{"line":11,"column":48},"end":{"line":20,"column":null}}},"4":{"name":"(anonymous_12)","decl":{"start":{"line":22,"column":11},"end":{"line":22,"column":22}},"loc":{"start":{"line":22,"column":47},"end":{"line":30,"column":null}}},"5":{"name":"(anonymous_14)","decl":{"start":{"line":45,"column":11},"end":{"line":45,"column":26}},"loc":{"start":{"line":45,"column":51},"end":{"line":55,"column":null}}},"6":{"name":"(anonymous_16)","decl":{"start":{"line":57,"column":11},"end":{"line":57,"column":25}},"loc":{"start":{"line":57,"column":50},"end":{"line":71,"column":null}}}},"branchMap":{"0":{"loc":{"start":{"line":41,"column":32},"end":{"line":41,"column":99}},"type":"cond-expr","locations":[{"start":{"line":41,"column":57},"end":{"line":41,"column":70}},{"start":{"line":41,"column":73},"end":{"line":41,"column":99}}]},"1":{"loc":{"start":{"line":13,"column":19},"end":{"line":13,"column":100}},"type":"cond-expr","locations":[{"start":{"line":13,"column":66},"end":{"line":13,"column":88}},{"start":{"line":13,"column":91},"end":{"line":13,"column":100}}]},"2":{"loc":{"start":{"line":13,"column":20},"end":{"line":13,"column":62}},"type":"binary-expr","locations":[{"start":{"line":13,"column":20},"end":{"line":13,"column":34}},{"start":{"line":13,"column":38},"end":{"line":13,"column":62}}]},"3":{"loc":{"start":{"line":14,"column":20},"end":{"line":14,"column":104}},"type":"cond-expr","locations":[{"start":{"line":14,"column":69},"end":{"line":14,"column":92}},{"start":{"line":14,"column":95},"end":{"line":14,"column":104}}]},"4":{"loc":{"start":{"line":14,"column":21},"end":{"line":14,"column":65}},"type":"binary-expr","locations":[{"start":{"line":14,"column":21},"end":{"line":14,"column":36}},{"start":{"line":14,"column":40},"end":{"line":14,"column":65}}]},"5":{"loc":{"start":{"line":18,"column":36},"end":{"line":18,"column":106}},"type":"cond-expr","locations":[{"start":{"line":18,"column":61},"end":{"line":18,"column":74}},{"start":{"line":18,"column":77},"end":{"line":18,"column":106}}]},"6":{"loc":{"start":{"line":25,"column":8},"end":{"line":25,"column":88}},"type":"if","locations":[{"start":{"line":25,"column":8},"end":{"line":25,"column":88}}]},"7":{"loc":{"start":{"line":28,"column":43},"end":{"line":28,"column":112}},"type":"cond-expr","locations":[{"start":{"line":28,"column":68},"end":{"line":28,"column":81}},{"start":{"line":28,"column":84},"end":{"line":28,"column":112}}]},"8":{"loc":{"start":{"line":53,"column":40},"end":{"line":53,"column":112}},"type":"cond-expr","locations":[{"start":{"line":53,"column":65},"end":{"line":53,"column":78}},{"start":{"line":53,"column":81},"end":{"line":53,"column":112}}]},"9":{"loc":{"start":{"line":60,"column":12},"end":{"line":63,"column":13}},"type":"if","locations":[{"start":{"line":60,"column":12},"end":{"line":63,"column":13}}]},"10":{"loc":{"start":{"line":69,"column":40},"end":{"line":69,"column":110}},"type":"cond-expr","locations":[{"start":{"line":69,"column":65},"end":{"line":69,"column":78}},{"start":{"line":69,"column":81},"end":{"line":69,"column":110}}]}},"s":{"0":1,"1":1,"2":0,"3":0,"4":0,"5":0,"6":0,"7":1,"8":0,"9":0,"10":0,"11":0,"12":0,"13":0,"14":0,"15":0,"16":0,"17":0,"18":0,"19":0,"20":0,"21":0,"22":0,"23":0,"24":0,"25":0,"26":0,"27":0,"28":0,"29":0,"30":0,"31":0,"32":1},"f":{"0":1,"1":0,"2":0,"3":0,"4":0,"5":0,"6":0},"b":{"0":[0,0],"1":[0,0],"2":[0,0],"3":[0,0],"4":[0,0],"5":[0,0],"6":[0],"7":[0,0],"8":[0,0],"9":[0],"10":[0,0]}}
,"C:\\Users\\brayan\\Documents\\ecommercetotal\\api\\src\\controllers\\ProductController.ts": {"path":"C:\\Users\\brayan\\Documents\\ecommercetotal\\api\\src\\controllers\\ProductController.ts","statementMap":{"0":{"start":{"line":1,"column":0},"end":{"line":1,"column":56}},"1":{"start":{"line":2,"column":0},"end":{"line":2,"column":60}},"2":{"start":{"line":4,"column":0},"end":{"line":4,"column":50}},"3":{"start":{"line":10,"column":8},"end":{"line":10,"column":49}},"4":{"start":{"line":14,"column":6},"end":{"line":25,"column":7}},"5":{"start":{"line":15,"column":19},"end":{"line":15,"column":70}},"6":{"start":{"line":16,"column":20},"end":{"line":16,"column":73}},"7":{"start":{"line":17,"column":25},"end":{"line":17,"column":88}},"8":{"start":{"line":18,"column":23},"end":{"line":18,"column":81}},"9":{"start":{"line":19,"column":23},"end":{"line":19,"column":81}},"10":{"start":{"line":20,"column":25},"end":{"line":20,"column":73}},"11":{"start":{"line":21,"column":23},"end":{"line":21,"column":123}},"12":{"start":{"line":22,"column":8},"end":{"line":22,"column":39}},"13":{"start":{"line":24,"column":8},"end":{"line":24,"column":108}},"14":{"start":{"line":29,"column":8},"end":{"line":39,"column":9}},"15":{"start":{"line":30,"column":26},"end":{"line":30,"column":85}},"16":{"start":{"line":31,"column":12},"end":{"line":31,"column":42}},"17":{"start":{"line":33,"column":12},"end":{"line":37,"column":13}},"18":{"start":{"line":34,"column":12},"end":{"line":34,"column":56}},"19":{"start":{"line":36,"column":16},"end":{"line":36,"column":116}},"20":{"start":{"line":43,"column":8},"end":{"line":65,"column":9}},"21":{"start":{"line":45,"column":12},"end":{"line":45,"column":59}},"22":{"start":{"line":46,"column":26},"end":{"line":46,"column":75}},"23":{"start":{"line":47,"column":12},"end":{"line":50,"column":15}},"24":{"start":{"line":52,"column":12},"end":{"line":63,"column":13}},"25":{"start":{"line":54,"column":16},"end":{"line":60,"column":19}},"26":{"start":{"line":56,"column":47},"end":{"line":59,"column":22}},"27":{"start":{"line":62,"column":16},"end":{"line":62,"column":116}},"28":{"start":{"line":69,"column":5},"end":{"line":91,"column":6}},"29":{"start":{"line":70,"column":8},"end":{"line":70,"column":55}},"30":{"start":{"line":71,"column":29},"end":{"line":71,"column":100}},"31":{"start":{"line":72,"column":8},"end":{"line":75,"column":11}},"32":{"start":{"line":77,"column":8},"end":{"line":90,"column":9}},"33":{"start":{"line":78,"column":11},"end":{"line":78,"column":55}},"34":{"start":{"line":79,"column":14},"end":{"line":90,"column":9}},"35":{"start":{"line":81,"column":12},"end":{"line":87,"column":15}},"36":{"start":{"line":83,"column":43},"end":{"line":86,"column":18}},"37":{"start":{"line":89,"column":12},"end":{"line":89,"column":114}},"38":{"start":{"line":95,"column":8},"end":{"line":108,"column":9}},"39":{"start":{"line":96,"column":12},"end":{"line":96,"column":75}},"40":{"start":{"line":97,"column":12},"end":{"line":100,"column":15}},"41":{"start":{"line":102,"column":12},"end":{"line":106,"column":13}},"42":{"start":{"line":103,"column":16},"end":{"line":103,"column":63}},"43":{"start":{"line":105,"column":16},"end":{"line":105,"column":116}},"44":{"start":{"line":6,"column":0},"end":{"line":6,"column":13}}},"fnMap":{"0":{"name":"(anonymous_7)","decl":{"start":{"line":9,"column":4},"end":{"line":9,"column":null}},"loc":{"start":{"line":9,"column":4},"end":{"line":11,"column":5}}},"1":{"name":"(anonymous_8)","decl":{"start":{"line":13,"column":10},"end":{"line":13,"column":21}},"loc":{"start":{"line":13,"column":46},"end":{"line":26,"column":null}}},"2":{"name":"(anonymous_10)","decl":{"start":{"line":28,"column":10},"end":{"line":28,"column":20}},"loc":{"start":{"line":28,"column":45},"end":{"line":40,"column":null}}},"3":{"name":"(anonymous_12)","decl":{"start":{"line":42,"column":10},"end":{"line":42,"column":23}},"loc":{"start":{"line":42,"column":48},"end":{"line":66,"column":null}}},"4":{"name":"(anonymous_14)","decl":{"start":{"line":56,"column":39},"end":{"line":56,"column":42}},"loc":{"start":{"line":56,"column":47},"end":{"line":59,"column":22}}},"5":{"name":"(anonymous_15)","decl":{"start":{"line":68,"column":10},"end":{"line":68,"column":24}},"loc":{"start":{"line":68,"column":49},"end":{"line":92,"column":null}}},"6":{"name":"(anonymous_17)","decl":{"start":{"line":83,"column":35},"end":{"line":83,"column":38}},"loc":{"start":{"line":83,"column":43},"end":{"line":86,"column":18}}},"7":{"name":"(anonymous_18)","decl":{"start":{"line":94,"column":10},"end":{"line":94,"column":23}},"loc":{"start":{"line":94,"column":48},"end":{"line":109,"column":null}}}},"branchMap":{"0":{"loc":{"start":{"line":15,"column":19},"end":{"line":15,"column":70}},"type":"cond-expr","locations":[{"start":{"line":15,"column":36},"end":{"line":15,"column":58}},{"start":{"line":15,"column":61},"end":{"line":15,"column":70}}]},"1":{"loc":{"start":{"line":16,"column":20},"end":{"line":16,"column":73}},"type":"cond-expr","locations":[{"start":{"line":16,"column":38},"end":{"line":16,"column":61}},{"start":{"line":16,"column":64},"end":{"line":16,"column":73}}]},"2":{"loc":{"start":{"line":17,"column":25},"end":{"line":17,"column":88}},"type":"cond-expr","locations":[{"start":{"line":17,"column":48},"end":{"line":17,"column":76}},{"start":{"line":17,"column":79},"end":{"line":17,"column":88}}]},"3":{"loc":{"start":{"line":18,"column":23},"end":{"line":18,"column":81}},"type":"cond-expr","locations":[{"start":{"line":18,"column":43},"end":{"line":18,"column":69}},{"start":{"line":18,"column":72},"end":{"line":18,"column":81}}]},"4":{"loc":{"start":{"line":19,"column":23},"end":{"line":19,"column":81}},"type":"cond-expr","locations":[{"start":{"line":19,"column":43},"end":{"line":19,"column":69}},{"start":{"line":19,"column":72},"end":{"line":19,"column":81}}]},"5":{"loc":{"start":{"line":20,"column":25},"end":{"line":20,"column":73}},"type":"cond-expr","locations":[{"start":{"line":20,"column":48},"end":{"line":20,"column":68}},{"start":{"line":20,"column":71},"end":{"line":20,"column":73}}]},"6":{"loc":{"start":{"line":24,"column":36},"end":{"line":24,"column":105}},"type":"cond-expr","locations":[{"start":{"line":24,"column":61},"end":{"line":24,"column":74}},{"start":{"line":24,"column":77},"end":{"line":24,"column":105}}]},"7":{"loc":{"start":{"line":33,"column":12},"end":{"line":37,"column":13}},"type":"if","locations":[{"start":{"line":33,"column":12},"end":{"line":37,"column":13}},{"start":{"line":35,"column":17},"end":{"line":37,"column":13}}]},"8":{"loc":{"start":{"line":36,"column":44},"end":{"line":36,"column":113}},"type":"cond-expr","locations":[{"start":{"line":36,"column":69},"end":{"line":36,"column":82}},{"start":{"line":36,"column":85},"end":{"line":36,"column":113}}]},"9":{"loc":{"start":{"line":45,"column":27},"end":{"line":45,"column":58}},"type":"cond-expr","locations":[{"start":{"line":45,"column":38},"end":{"line":45,"column":51}},{"start":{"line":45,"column":54},"end":{"line":45,"column":58}}]},"10":{"loc":{"start":{"line":52,"column":12},"end":{"line":63,"column":13}},"type":"if","locations":[{"start":{"line":52,"column":12},"end":{"line":63,"column":13}},{"start":{"line":61,"column":17},"end":{"line":63,"column":13}}]},"11":{"loc":{"start":{"line":52,"column":16},"end":{"line":52,"column":77}},"type":"binary-expr","locations":[{"start":{"line":52,"column":16},"end":{"line":52,"column":38}},{"start":{"line":52,"column":42},"end":{"line":52,"column":77}}]},"12":{"loc":{"start":{"line":62,"column":44},"end":{"line":62,"column":113}},"type":"cond-expr","locations":[{"start":{"line":62,"column":69},"end":{"line":62,"column":82}},{"start":{"line":62,"column":85},"end":{"line":62,"column":113}}]},"13":{"loc":{"start":{"line":70,"column":23},"end":{"line":70,"column":54}},"type":"cond-expr","locations":[{"start":{"line":70,"column":34},"end":{"line":70,"column":47}},{"start":{"line":70,"column":50},"end":{"line":70,"column":54}}]},"14":{"loc":{"start":{"line":77,"column":8},"end":{"line":90,"column":9}},"type":"if","locations":[{"start":{"line":77,"column":8},"end":{"line":90,"column":9}},{"start":{"line":79,"column":14},"end":{"line":90,"column":9}}]},"15":{"loc":{"start":{"line":79,"column":14},"end":{"line":90,"column":9}},"type":"if","locations":[{"start":{"line":79,"column":14},"end":{"line":90,"column":9}},{"start":{"line":88,"column":13},"end":{"line":90,"column":9}}]},"16":{"loc":{"start":{"line":79,"column":18},"end":{"line":79,"column":79}},"type":"binary-expr","locations":[{"start":{"line":79,"column":18},"end":{"line":79,"column":40}},{"start":{"line":79,"column":44},"end":{"line":79,"column":79}}]},"17":{"loc":{"start":{"line":89,"column":40},"end":{"line":89,"column":111}},"type":"cond-expr","locations":[{"start":{"line":89,"column":65},"end":{"line":89,"column":78}},{"start":{"line":89,"column":81},"end":{"line":89,"column":111}}]},"18":{"loc":{"start":{"line":102,"column":12},"end":{"line":106,"column":13}},"type":"if","locations":[{"start":{"line":102,"column":12},"end":{"line":106,"column":13}},{"start":{"line":104,"column":17},"end":{"line":106,"column":13}}]},"19":{"loc":{"start":{"line":105,"column":44},"end":{"line":105,"column":113}},"type":"cond-expr","locations":[{"start":{"line":105,"column":69},"end":{"line":105,"column":82}},{"start":{"line":105,"column":85},"end":{"line":105,"column":113}}]}},"s":{"0":1,"1":1,"2":1,"3":1,"4":0,"5":0,"6":0,"7":0,"8":0,"9":0,"10":0,"11":0,"12":0,"13":0,"14":0,"15":0,"16":0,"17":0,"18":0,"19":0,"20":0,"21":0,"22":0,"23":0,"24":0,"25":0,"26":0,"27":0,"28":0,"29":0,"30":0,"31":0,"32":0,"33":0,"34":0,"35":0,"36":0,"37":0,"38":0,"39":0,"40":0,"41":0,"42":0,"43":0,"44":1},"f":{"0":1,"1":0,"2":0,"3":0,"4":0,"5":0,"6":0,"7":0},"b":{"0":[0,0],"1":[0,0],"2":[0,0],"3":[0,0],"4":[0,0],"5":[0,0],"6":[0,0],"7":[0,0],"8":[0,0],"9":[0,0],"10":[0,0],"11":[0,0],"12":[0,0],"13":[0,0],"14":[0,0],"15":[0,0],"16":[0,0],"17":[0,0],"18":[0,0],"19":[0,0]}}
,"C:\\Users\\brayan\\Documents\\ecommercetotal\\api\\src\\controllers\\RoleController.ts": {"path":"C:\\Users\\brayan\\Documents\\ecommercetotal\\api\\src\\controllers\\RoleController.ts","statementMap":{"0":{"start":{"line":2,"column":0},"end":{"line":2,"column":54}},"1":{"start":{"line":6,"column":18},"end":{"line":6,"column":46}},"2":{"start":{"line":7,"column":6},"end":{"line":7,"column":34}},"3":{"start":{"line":11,"column":19},"end":{"line":11,"column":71}},"4":{"start":{"line":12,"column":8},"end":{"line":12,"column":35}},"5":{"start":{"line":16,"column":8},"end":{"line":24,"column":9}},"6":{"start":{"line":17,"column":23},"end":{"line":17,"column":61}},"7":{"start":{"line":18,"column":12},"end":{"line":21,"column":null}},"8":{"start":{"line":23,"column":12},"end":{"line":23,"column":107}},"9":{"start":{"line":29,"column":8},"end":{"line":39,"column":9}},"10":{"start":{"line":31,"column":23},"end":{"line":31,"column":84}},"11":{"start":{"line":32,"column":12},"end":{"line":35,"column":15}},"12":{"start":{"line":38,"column":12},"end":{"line":38,"column":109}},"13":{"start":{"line":43,"column":7},"end":{"line":43,"column":59}},"14":{"start":{"line":44,"column":7},"end":{"line":46,"column":null}},"15":{"start":{"line":4,"column":0},"end":{"line":4,"column":13}}},"fnMap":{"0":{"name":"(anonymous_7)","decl":{"start":{"line":5,"column":4},"end":{"line":5,"column":10}},"loc":{"start":{"line":5,"column":50},"end":{"line":8,"column":null}}},"1":{"name":"(anonymous_9)","decl":{"start":{"line":10,"column":4},"end":{"line":10,"column":10}},"loc":{"start":{"line":10,"column":49},"end":{"line":13,"column":null}}},"2":{"name":"(anonymous_11)","decl":{"start":{"line":15,"column":4},"end":{"line":15,"column":10}},"loc":{"start":{"line":15,"column":52},"end":{"line":26,"column":null}}},"3":{"name":"(anonymous_13)","decl":{"start":{"line":28,"column":4},"end":{"line":28,"column":10}},"loc":{"start":{"line":28,"column":53},"end":{"line":40,"column":null}}},"4":{"name":"(anonymous_15)","decl":{"start":{"line":42,"column":4},"end":{"line":42,"column":10}},"loc":{"start":{"line":42,"column":52},"end":{"line":47,"column":null}}}},"branchMap":{"0":{"loc":{"start":{"line":23,"column":42},"end":{"line":23,"column":103}},"type":"cond-expr","locations":[{"start":{"line":23,"column":67},"end":{"line":23,"column":80}},{"start":{"line":23,"column":83},"end":{"line":23,"column":103}}]},"1":{"loc":{"start":{"line":38,"column":40},"end":{"line":38,"column":106}},"type":"cond-expr","locations":[{"start":{"line":38,"column":65},"end":{"line":38,"column":78}},{"start":{"line":38,"column":81},"end":{"line":38,"column":106}}]}},"s":{"0":1,"1":0,"2":0,"3":0,"4":0,"5":0,"6":0,"7":0,"8":0,"9":0,"10":0,"11":0,"12":0,"13":0,"14":0,"15":1},"f":{"0":0,"1":0,"2":0,"3":0,"4":0},"b":{"0":[0,0],"1":[0,0]}}
,"C:\\Users\\brayan\\Documents\\ecommercetotal\\api\\src\\controllers\\SaleController.ts": {"path":"C:\\Users\\brayan\\Documents\\ecommercetotal\\api\\src\\controllers\\SaleController.ts","statementMap":{"0":{"start":{"line":1,"column":0},"end":{"line":1,"column":56}},"1":{"start":{"line":2,"column":0},"end":{"line":2,"column":54}},"2":{"start":{"line":8,"column":8},"end":{"line":8,"column":43}},"3":{"start":{"line":11,"column":5},"end":{"line":16,"column":6}},"4":{"start":{"line":12,"column":20},"end":{"line":12,"column":53}},"5":{"start":{"line":13,"column":8},"end":{"line":13,"column":36}},"6":{"start":{"line":15,"column":8},"end":{"line":15,"column":105}},"7":{"start":{"line":20,"column":8},"end":{"line":29,"column":9}},"8":{"start":{"line":21,"column":23},"end":{"line":21,"column":76}},"9":{"start":{"line":22,"column":12},"end":{"line":22,"column":39}},"10":{"start":{"line":24,"column":12},"end":{"line":28,"column":13}},"11":{"start":{"line":25,"column":16},"end":{"line":25,"column":null}},"12":{"start":{"line":27,"column":16},"end":{"line":27,"column":112}},"13":{"start":{"line":33,"column":8},"end":{"line":45,"column":9}},"14":{"start":{"line":34,"column":23},"end":{"line":34,"column":66}},"15":{"start":{"line":35,"column":12},"end":{"line":38,"column":15}},"16":{"start":{"line":40,"column":12},"end":{"line":44,"column":13}},"17":{"start":{"line":41,"column":16},"end":{"line":41,"column":null}},"18":{"start":{"line":43,"column":16},"end":{"line":43,"column":110}},"19":{"start":{"line":49,"column":8},"end":{"line":58,"column":9}},"20":{"start":{"line":50,"column":24},"end":{"line":50,"column":89}},"21":{"start":{"line":51,"column":12},"end":{"line":51,"column":40}},"22":{"start":{"line":53,"column":12},"end":{"line":57,"column":13}},"23":{"start":{"line":54,"column":16},"end":{"line":54,"column":null}},"24":{"start":{"line":56,"column":16},"end":{"line":56,"column":125}},"25":{"start":{"line":5,"column":0},"end":{"line":5,"column":13}}},"fnMap":{"0":{"name":"(anonymous_7)","decl":{"start":{"line":7,"column":4},"end":{"line":7,"column":null}},"loc":{"start":{"line":7,"column":4},"end":{"line":9,"column":5}}},"1":{"name":"(anonymous_8)","decl":{"start":{"line":10,"column":10},"end":{"line":10,"column":18}},"loc":{"start":{"line":10,"column":43},"end":{"line":17,"column":null}}},"2":{"name":"(anonymous_10)","decl":{"start":{"line":19,"column":10},"end":{"line":19,"column":17}},"loc":{"start":{"line":19,"column":42},"end":{"line":30,"column":null}}},"3":{"name":"(anonymous_12)","decl":{"start":{"line":32,"column":10},"end":{"line":32,"column":20}},"loc":{"start":{"line":32,"column":45},"end":{"line":46,"column":null}}},"4":{"name":"(anonymous_14)","decl":{"start":{"line":48,"column":10},"end":{"line":48,"column":24}},"loc":{"start":{"line":48,"column":49},"end":{"line":59,"column":null}}}},"branchMap":{"0":{"loc":{"start":{"line":15,"column":36},"end":{"line":15,"column":102}},"type":"cond-expr","locations":[{"start":{"line":15,"column":61},"end":{"line":15,"column":74}},{"start":{"line":15,"column":77},"end":{"line":15,"column":102}}]},"1":{"loc":{"start":{"line":24,"column":12},"end":{"line":28,"column":13}},"type":"if","locations":[{"start":{"line":24,"column":12},"end":{"line":28,"column":13}},{"start":{"line":26,"column":17},"end":{"line":28,"column":13}}]},"2":{"loc":{"start":{"line":27,"column":44},"end":{"line":27,"column":109}},"type":"cond-expr","locations":[{"start":{"line":27,"column":69},"end":{"line":27,"column":82}},{"start":{"line":27,"column":85},"end":{"line":27,"column":109}}]},"3":{"loc":{"start":{"line":40,"column":12},"end":{"line":44,"column":13}},"type":"if","locations":[{"start":{"line":40,"column":12},"end":{"line":44,"column":13}},{"start":{"line":42,"column":17},"end":{"line":44,"column":13}}]},"4":{"loc":{"start":{"line":43,"column":44},"end":{"line":43,"column":107}},"type":"cond-expr","locations":[{"start":{"line":43,"column":69},"end":{"line":43,"column":82}},{"start":{"line":43,"column":85},"end":{"line":43,"column":107}}]},"5":{"loc":{"start":{"line":53,"column":12},"end":{"line":57,"column":13}},"type":"if","locations":[{"start":{"line":53,"column":12},"end":{"line":57,"column":13}},{"start":{"line":55,"column":17},"end":{"line":57,"column":13}}]},"6":{"loc":{"start":{"line":56,"column":44},"end":{"line":56,"column":122}},"type":"cond-expr","locations":[{"start":{"line":56,"column":69},"end":{"line":56,"column":82}},{"start":{"line":56,"column":85},"end":{"line":56,"column":122}}]}},"s":{"0":1,"1":1,"2":1,"3":0,"4":0,"5":0,"6":0,"7":0,"8":0,"9":0,"10":0,"11":0,"12":0,"13":0,"14":0,"15":0,"16":0,"17":0,"18":0,"19":0,"20":0,"21":0,"22":0,"23":0,"24":0,"25":1},"f":{"0":1,"1":0,"2":0,"3":0,"4":0},"b":{"0":[0,0],"1":[0,0],"2":[0,0],"3":[0,0],"4":[0,0],"5":[0,0],"6":[0,0]}}
,"C:\\Users\\brayan\\Documents\\ecommercetotal\\api\\src\\controllers\\UserController.ts": {"path":"C:\\Users\\brayan\\Documents\\ecommercetotal\\api\\src\\controllers\\UserController.ts","statementMap":{"0":{"start":{"line":2,"column":0},"end":{"line":2,"column":54}},"1":{"start":{"line":7,"column":8},"end":{"line":12,"column":9}},"2":{"start":{"line":8,"column":26},"end":{"line":8,"column":54}},"3":{"start":{"line":9,"column":12},"end":{"line":9,"column":28}},"4":{"start":{"line":11,"column":12},"end":{"line":11,"column":114}},"5":{"start":{"line":16,"column":19},"end":{"line":16,"column":71}},"6":{"start":{"line":17,"column":8},"end":{"line":17,"column":null}},"7":{"start":{"line":17,"column":18},"end":{"line":17,"column":null}},"8":{"start":{"line":18,"column":8},"end":{"line":18,"column":44}},"9":{"start":{"line":22,"column":8},"end":{"line":31,"column":9}},"10":{"start":{"line":23,"column":48},"end":{"line":23,"column":56}},"11":{"start":{"line":24,"column":25},"end":{"line":24,"column":78}},"12":{"start":{"line":25,"column":12},"end":{"line":28,"column":15}},"13":{"start":{"line":30,"column":12},"end":{"line":30,"column":124}},"14":{"start":{"line":35,"column":8},"end":{"line":49,"column":9}},"15":{"start":{"line":36,"column":23},"end":{"line":36,"column":44}},"16":{"start":{"line":37,"column":48},"end":{"line":37,"column":56}},"17":{"start":{"line":39,"column":31},"end":{"line":39,"column":64}},"18":{"start":{"line":40,"column":12},"end":{"line":42,"column":13}},"19":{"start":{"line":41,"column":16},"end":{"line":41,"column":81}},"20":{"start":{"line":44,"column":32},"end":{"line":44,"column":93}},"21":{"start":{"line":45,"column":12},"end":{"line":45,"column":106}},"22":{"start":{"line":48,"column":12},"end":{"line":48,"column":123}},"23":{"start":{"line":53,"column":8},"end":{"line":66,"column":9}},"24":{"start":{"line":54,"column":23},"end":{"line":54,"column":44}},"25":{"start":{"line":56,"column":31},"end":{"line":56,"column":64}},"26":{"start":{"line":57,"column":12},"end":{"line":59,"column":13}},"27":{"start":{"line":58,"column":16},"end":{"line":58,"column":81}},"28":{"start":{"line":61,"column":12},"end":{"line":61,"column":45}},"29":{"start":{"line":62,"column":12},"end":{"line":62,"column":85}},"30":{"start":{"line":65,"column":12},"end":{"line":65,"column":121}},"31":{"start":{"line":71,"column":8},"end":{"line":71,"column":52}},"32":{"start":{"line":4,"column":0},"end":{"line":4,"column":13}}},"fnMap":{"0":{"name":"(anonymous_7)","decl":{"start":{"line":6,"column":4},"end":{"line":6,"column":10}},"loc":{"start":{"line":6,"column":53},"end":{"line":13,"column":null}}},"1":{"name":"(anonymous_9)","decl":{"start":{"line":15,"column":4},"end":{"line":15,"column":10}},"loc":{"start":{"line":15,"column":49},"end":{"line":19,"column":null}}},"2":{"name":"(anonymous_11)","decl":{"start":{"line":21,"column":4},"end":{"line":21,"column":10}},"loc":{"start":{"line":21,"column":55},"end":{"line":32,"column":null}}},"3":{"name":"(anonymous_13)","decl":{"start":{"line":34,"column":4},"end":{"line":34,"column":10}},"loc":{"start":{"line":34,"column":55},"end":{"line":50,"column":null}}},"4":{"name":"(anonymous_15)","decl":{"start":{"line":52,"column":4},"end":{"line":52,"column":10}},"loc":{"start":{"line":52,"column":55},"end":{"line":67,"column":null}}},"5":{"name":"(anonymous_17)","decl":{"start":{"line":70,"column":4},"end":{"line":70,"column":10}},"loc":{"start":{"line":70,"column":50},"end":{"line":73,"column":null}}}},"branchMap":{"0":{"loc":{"start":{"line":11,"column":42},"end":{"line":11,"column":110}},"type":"cond-expr","locations":[{"start":{"line":11,"column":67},"end":{"line":11,"column":80}},{"start":{"line":11,"column":83},"end":{"line":11,"column":110}}]},"1":{"loc":{"start":{"line":17,"column":8},"end":{"line":17,"column":null}},"type":"if","locations":[{"start":{"line":17,"column":8},"end":{"line":17,"column":null}}]},"2":{"loc":{"start":{"line":30,"column":49},"end":{"line":30,"column":120}},"type":"cond-expr","locations":[{"start":{"line":30,"column":74},"end":{"line":30,"column":87}},{"start":{"line":30,"column":90},"end":{"line":30,"column":120}}]},"3":{"loc":{"start":{"line":40,"column":12},"end":{"line":42,"column":13}},"type":"if","locations":[{"start":{"line":40,"column":12},"end":{"line":42,"column":13}}]},"4":{"loc":{"start":{"line":48,"column":49},"end":{"line":48,"column":119}},"type":"cond-expr","locations":[{"start":{"line":48,"column":74},"end":{"line":48,"column":87}},{"start":{"line":48,"column":90},"end":{"line":48,"column":119}}]},"5":{"loc":{"start":{"line":57,"column":12},"end":{"line":59,"column":13}},"type":"if","locations":[{"start":{"line":57,"column":12},"end":{"line":59,"column":13}}]},"6":{"loc":{"start":{"line":65,"column":49},"end":{"line":65,"column":117}},"type":"cond-expr","locations":[{"start":{"line":65,"column":74},"end":{"line":65,"column":87}},{"start":{"line":65,"column":90},"end":{"line":65,"column":117}}]}},"s":{"0":1,"1":2,"2":2,"3":2,"4":0,"5":0,"6":0,"7":0,"8":0,"9":0,"10":0,"11":0,"12":0,"13":0,"14":0,"15":0,"16":0,"17":0,"18":0,"19":0,"20":0,"21":0,"22":0,"23":0,"24":0,"25":0,"26":0,"27":0,"28":0,"29":0,"30":0,"31":0,"32":1},"f":{"0":2,"1":0,"2":0,"3":0,"4":0,"5":0},"b":{"0":[0,0],"1":[0],"2":[0,0],"3":[0],"4":[0,0],"5":[0],"6":[0,0]}}
,"C:\\Users\\brayan\\Documents\\ecommercetotal\\api\\src\\errors\\NotFoundError.ts": {"path":"C:\\Users\\brayan\\Documents\\ecommercetotal\\api\\src\\errors\\NotFoundError.ts","statementMap":{"0":{"start":{"line":3,"column":0},"end":{"line":3,"column":15}},"1":{"start":{"line":4,"column":0},"end":{"line":4,"column":26}},"2":{"start":{"line":1,"column":0},"end":{"line":1,"column":13}}},"fnMap":{"0":{"name":"(anonymous_0)","decl":{"start":{"line":2,"column":4},"end":{"line":2,"column":16}},"loc":{"start":{"line":2,"column":30},"end":{"line":5,"column":5}}}},"branchMap":{},"s":{"0":0,"1":0,"2":2},"f":{"0":0},"b":{}}
,"C:\\Users\\brayan\\Documents\\ecommercetotal\\api\\src\\middleware\\AuthMiddleware.ts": {"path":"C:\\Users\\brayan\\Documents\\ecommercetotal\\api\\src\\middleware\\AuthMiddleware.ts","statementMap":{"0":{"start":{"line":2,"column":0},"end":{"line":2,"column":44}},"1":{"start":{"line":4,"column":30},"end":{"line":20,"column":1}},"2":{"start":{"line":5,"column":18},"end":{"line":5,"column":69}},"3":{"start":{"line":7,"column":4},"end":{"line":10,"column":5}},"4":{"start":{"line":8,"column":8},"end":{"line":8,"column":85}},"5":{"start":{"line":9,"column":8},"end":{"line":9,"column":15}},"6":{"start":{"line":12,"column":4},"end":{"line":19,"column":5}},"7":{"start":{"line":13,"column":24},"end":{"line":13,"column":42}},"8":{"start":{"line":14,"column":9},"end":{"line":14,"column":45}},"9":{"start":{"line":15,"column":8},"end":{"line":15,"column":15}},"10":{"start":{"line":17,"column":8},"end":{"line":17,"column":60}},"11":{"start":{"line":18,"column":8},"end":{"line":18,"column":15}},"12":{"start":{"line":4,"column":13},"end":{"line":4,"column":30}}},"fnMap":{"0":{"name":"(anonymous_0)","decl":{"start":{"line":4,"column":30},"end":{"line":4,"column":31}},"loc":{"start":{"line":4,"column":82},"end":{"line":20,"column":1}}}},"branchMap":{"0":{"loc":{"start":{"line":5,"column":18},"end":{"line":5,"column":69}},"type":"cond-expr","locations":[{"start":{"line":5,"column":45},"end":{"line":5,"column":47}},{"start":{"line":5,"column":45},"end":{"line":5,"column":69}}]},"1":{"loc":{"start":{"line":5,"column":18},"end":{"line":5,"column":47}},"type":"binary-expr","locations":[{"start":{"line":5,"column":18},"end":{"line":5,"column":47}},{"start":{"line":5,"column":45},"end":{"line":5,"column":47}}]},"2":{"loc":{"start":{"line":7,"column":4},"end":{"line":10,"column":5}},"type":"if","locations":[{"start":{"line":7,"column":4},"end":{"line":10,"column":5}}]}},"s":{"0":1,"1":1,"2":0,"3":0,"4":0,"5":0,"6":0,"7":0,"8":0,"9":0,"10":0,"11":0,"12":1},"f":{"0":0},"b":{"0":[0,0],"1":[0,0],"2":[0]}}
,"C:\\Users\\brayan\\Documents\\ecommercetotal\\api\\src\\models\\Category.ts": {"path":"C:\\Users\\brayan\\Documents\\ecommercetotal\\api\\src\\models\\Category.ts","statementMap":{"0":{"start":{"line":1,"column":0},"end":{"line":1,"column":74}},"1":{"start":{"line":2,"column":0},"end":{"line":2,"column":56}},"2":{"start":{"line":3,"column":0},"end":{"line":3,"column":36}},"3":{"start":{"line":6,"column":7},"end":{"line":17,"column":null}},"4":{"start":{"line":6,"column":13},"end":{"line":6,"column":21}},"5":{"start":{"line":8,"column":4},"end":{"line":8,"column":null}},"6":{"start":{"line":13,"column":4},"end":{"line":13,"column":null}},"7":{"start":{"line":16,"column":4},"end":{"line":16,"column":null}},"8":{"start":{"line":15,"column":19},"end":{"line":15,"column":26}},"9":{"start":{"line":15,"column":36},"end":{"line":15,"column":52}},"10":{"start":{"line":6,"column":13},"end":{"line":17,"column":null}}},"fnMap":{"0":{"name":"(anonymous_2)","decl":{"start":{"line":15,"column":15},"end":{"line":15,"column":17}},"loc":{"start":{"line":15,"column":19},"end":{"line":15,"column":26}}},"1":{"name":"(anonymous_3)","decl":{"start":{"line":15,"column":27},"end":{"line":15,"column":34}},"loc":{"start":{"line":15,"column":36},"end":{"line":15,"column":52}}}},"branchMap":{},"s":{"0":2,"1":2,"2":2,"3":2,"4":2,"5":2,"6":2,"7":2,"8":2,"9":2,"10":2},"f":{"0":2,"1":2},"b":{}}
,"C:\\Users\\brayan\\Documents\\ecommercetotal\\api\\src\\models\\Detail.ts": {"path":"C:\\Users\\brayan\\Documents\\ecommercetotal\\api\\src\\models\\Detail.ts","statementMap":{"0":{"start":{"line":1,"column":0},"end":{"line":1,"column":74}},"1":{"start":{"line":2,"column":0},"end":{"line":2,"column":36}},"2":{"start":{"line":3,"column":0},"end":{"line":3,"column":30}},"3":{"start":{"line":6,"column":7},"end":{"line":21,"column":null}},"4":{"start":{"line":6,"column":13},"end":{"line":6,"column":19}},"5":{"start":{"line":8,"column":4},"end":{"line":8,"column":null}},"6":{"start":{"line":11,"column":4},"end":{"line":11,"column":null}},"7":{"start":{"line":14,"column":4},"end":{"line":14,"column":null}},"8":{"start":{"line":17,"column":4},"end":{"line":17,"column":null}},"9":{"start":{"line":16,"column":19},"end":{"line":16,"column":26}},"10":{"start":{"line":16,"column":36},"end":{"line":16,"column":51}},"11":{"start":{"line":20,"column":4},"end":{"line":20,"column":null}},"12":{"start":{"line":19,"column":19},"end":{"line":19,"column":23}},"13":{"start":{"line":19,"column":30},"end":{"line":19,"column":42}},"14":{"start":{"line":6,"column":13},"end":{"line":21,"column":null}}},"fnMap":{"0":{"name":"(anonymous_2)","decl":{"start":{"line":16,"column":15},"end":{"line":16,"column":17}},"loc":{"start":{"line":16,"column":19},"end":{"line":16,"column":26}}},"1":{"name":"(anonymous_3)","decl":{"start":{"line":16,"column":27},"end":{"line":16,"column":34}},"loc":{"start":{"line":16,"column":36},"end":{"line":16,"column":51}}},"2":{"name":"(anonymous_4)","decl":{"start":{"line":19,"column":15},"end":{"line":19,"column":17}},"loc":{"start":{"line":19,"column":19},"end":{"line":19,"column":23}}},"3":{"name":"(anonymous_5)","decl":{"start":{"line":19,"column":24},"end":{"line":19,"column":28}},"loc":{"start":{"line":19,"column":30},"end":{"line":19,"column":42}}}},"branchMap":{},"s":{"0":2,"1":2,"2":2,"3":2,"4":2,"5":2,"6":2,"7":2,"8":2,"9":2,"10":2,"11":2,"12":2,"13":2,"14":2},"f":{"0":2,"1":2,"2":2,"3":2},"b":{}}
,"C:\\Users\\brayan\\Documents\\ecommercetotal\\api\\src\\models\\Product.ts": {"path":"C:\\Users\\brayan\\Documents\\ecommercetotal\\api\\src\\models\\Product.ts","statementMap":{"0":{"start":{"line":1,"column":0},"end":{"line":1,"column":68}},"1":{"start":{"line":2,"column":0},"end":{"line":2,"column":85}},"2":{"start":{"line":3,"column":0},"end":{"line":3,"column":38}},"3":{"start":{"line":4,"column":0},"end":{"line":4,"column":34}},"4":{"start":{"line":8,"column":7},"end":{"line":40,"column":null}},"5":{"start":{"line":8,"column":13},"end":{"line":8,"column":20}},"6":{"start":{"line":10,"column":4},"end":{"line":10,"column":null}},"7":{"start":{"line":15,"column":4},"end":{"line":15,"column":null}},"8":{"start":{"line":20,"column":4},"end":{"line":20,"column":null}},"9":{"start":{"line":25,"column":4},"end":{"line":25,"column":null}},"10":{"start":{"line":29,"column":4},"end":{"line":29,"column":null}},"11":{"start":{"line":33,"column":4},"end":{"line":33,"column":null}},"12":{"start":{"line":36,"column":4},"end":{"line":36,"column":null}},"13":{"start":{"line":35,"column":19},"end":{"line":35,"column":27}},"14":{"start":{"line":35,"column":38},"end":{"line":35,"column":55}},"15":{"start":{"line":39,"column":4},"end":{"line":39,"column":null}},"16":{"start":{"line":38,"column":19},"end":{"line":38,"column":25}},"17":{"start":{"line":38,"column":34},"end":{"line":38,"column":48}},"18":{"start":{"line":8,"column":13},"end":{"line":40,"column":null}}},"fnMap":{"0":{"name":"(anonymous_2)","decl":{"start":{"line":35,"column":15},"end":{"line":35,"column":17}},"loc":{"start":{"line":35,"column":19},"end":{"line":35,"column":27}}},"1":{"name":"(anonymous_3)","decl":{"start":{"line":35,"column":28},"end":{"line":35,"column":36}},"loc":{"start":{"line":35,"column":38},"end":{"line":35,"column":55}}},"2":{"name":"(anonymous_4)","decl":{"start":{"line":38,"column":15},"end":{"line":38,"column":17}},"loc":{"start":{"line":38,"column":19},"end":{"line":38,"column":25}}},"3":{"name":"(anonymous_5)","decl":{"start":{"line":38,"column":26},"end":{"line":38,"column":32}},"loc":{"start":{"line":38,"column":34},"end":{"line":38,"column":48}}}},"branchMap":{},"s":{"0":2,"1":2,"2":2,"3":2,"4":2,"5":2,"6":2,"7":2,"8":2,"9":2,"10":2,"11":2,"12":2,"13":2,"14":2,"15":2,"16":2,"17":2,"18":2},"f":{"0":2,"1":2,"2":2,"3":2},"b":{}}
,"C:\\Users\\brayan\\Documents\\ecommercetotal\\api\\src\\models\\Role.ts": {"path":"C:\\Users\\brayan\\Documents\\ecommercetotal\\api\\src\\models\\Role.ts","statementMap":{"0":{"start":{"line":1,"column":0},"end":{"line":1,"column":74}},"1":{"start":{"line":2,"column":0},"end":{"line":2,"column":30}},"2":{"start":{"line":5,"column":7},"end":{"line":14,"column":null}},"3":{"start":{"line":5,"column":13},"end":{"line":5,"column":17}},"4":{"start":{"line":7,"column":4},"end":{"line":7,"column":null}},"5":{"start":{"line":10,"column":4},"end":{"line":10,"column":null}},"6":{"start":{"line":13,"column":4},"end":{"line":13,"column":null}},"7":{"start":{"line":12,"column":19},"end":{"line":12,"column":23}},"8":{"start":{"line":12,"column":30},"end":{"line":12,"column":39}},"9":{"start":{"line":5,"column":13},"end":{"line":14,"column":null}}},"fnMap":{"0":{"name":"(anonymous_2)","decl":{"start":{"line":12,"column":15},"end":{"line":12,"column":17}},"loc":{"start":{"line":12,"column":19},"end":{"line":12,"column":23}}},"1":{"name":"(anonymous_3)","decl":{"start":{"line":12,"column":24},"end":{"line":12,"column":28}},"loc":{"start":{"line":12,"column":30},"end":{"line":12,"column":39}}}},"branchMap":{},"s":{"0":2,"1":2,"2":2,"3":2,"4":2,"5":2,"6":2,"7":2,"8":2,"9":2},"f":{"0":2,"1":2},"b":{}}
,"C:\\Users\\brayan\\Documents\\ecommercetotal\\api\\src\\models\\Sale.ts": {"path":"C:\\Users\\brayan\\Documents\\ecommercetotal\\api\\src\\models\\Sale.ts","statementMap":{"0":{"start":{"line":1,"column":0},"end":{"line":1,"column":85}},"1":{"start":{"line":2,"column":0},"end":{"line":2,"column":30}},"2":{"start":{"line":3,"column":0},"end":{"line":3,"column":45}},"3":{"start":{"line":4,"column":0},"end":{"line":4,"column":34}},"4":{"start":{"line":7,"column":7},"end":{"line":24,"column":null}},"5":{"start":{"line":7,"column":13},"end":{"line":7,"column":17}},"6":{"start":{"line":9,"column":4},"end":{"line":9,"column":null}},"7":{"start":{"line":13,"column":4},"end":{"line":13,"column":null}},"8":{"start":{"line":17,"column":4},"end":{"line":17,"column":null}},"9":{"start":{"line":20,"column":4},"end":{"line":20,"column":null}},"10":{"start":{"line":19,"column":19},"end":{"line":19,"column":23}},"11":{"start":{"line":19,"column":30},"end":{"line":19,"column":40}},"12":{"start":{"line":23,"column":4},"end":{"line":23,"column":null}},"13":{"start":{"line":22,"column":19},"end":{"line":22,"column":25}},"14":{"start":{"line":22,"column":34},"end":{"line":22,"column":45}},"15":{"start":{"line":7,"column":13},"end":{"line":24,"column":null}}},"fnMap":{"0":{"name":"(anonymous_2)","decl":{"start":{"line":19,"column":15},"end":{"line":19,"column":17}},"loc":{"start":{"line":19,"column":19},"end":{"line":19,"column":23}}},"1":{"name":"(anonymous_3)","decl":{"start":{"line":19,"column":24},"end":{"line":19,"column":28}},"loc":{"start":{"line":19,"column":30},"end":{"line":19,"column":40}}},"2":{"name":"(anonymous_4)","decl":{"start":{"line":22,"column":15},"end":{"line":22,"column":17}},"loc":{"start":{"line":22,"column":19},"end":{"line":22,"column":25}}},"3":{"name":"(anonymous_5)","decl":{"start":{"line":22,"column":26},"end":{"line":22,"column":32}},"loc":{"start":{"line":22,"column":34},"end":{"line":22,"column":45}}}},"branchMap":{},"s":{"0":2,"1":2,"2":2,"3":2,"4":2,"5":2,"6":2,"7":2,"8":2,"9":2,"10":2,"11":2,"12":2,"13":2,"14":2,"15":2},"f":{"0":2,"1":2,"2":2,"3":2},"b":{}}
,"C:\\Users\\brayan\\Documents\\ecommercetotal\\api\\src\\models\\User.ts": {"path":"C:\\Users\\brayan\\Documents\\ecommercetotal\\api\\src\\models\\User.ts","statementMap":{"0":{"start":{"line":1,"column":0},"end":{"line":1,"column":87}},"1":{"start":{"line":2,"column":0},"end":{"line":2,"column":30}},"2":{"start":{"line":3,"column":0},"end":{"line":3,"column":30}},"3":{"start":{"line":6,"column":7},"end":{"line":21,"column":null}},"4":{"start":{"line":6,"column":13},"end":{"line":6,"column":17}},"5":{"start":{"line":8,"column":2},"end":{"line":8,"column":null}},"6":{"start":{"line":11,"column":2},"end":{"line":11,"column":null}},"7":{"start":{"line":14,"column":2},"end":{"line":14,"column":null}},"8":{"start":{"line":17,"column":2},"end":{"line":17,"column":null}},"9":{"start":{"line":16,"column":17},"end":{"line":16,"column":21}},"10":{"start":{"line":16,"column":28},"end":{"line":16,"column":38}},"11":{"start":{"line":20,"column":2},"end":{"line":20,"column":null}},"12":{"start":{"line":19,"column":17},"end":{"line":19,"column":21}},"13":{"start":{"line":19,"column":29},"end":{"line":19,"column":39}},"14":{"start":{"line":6,"column":13},"end":{"line":21,"column":null}}},"fnMap":{"0":{"name":"(anonymous_2)","decl":{"start":{"line":16,"column":13},"end":{"line":16,"column":15}},"loc":{"start":{"line":16,"column":17},"end":{"line":16,"column":21}}},"1":{"name":"(anonymous_3)","decl":{"start":{"line":16,"column":22},"end":{"line":16,"column":26}},"loc":{"start":{"line":16,"column":28},"end":{"line":16,"column":38}}},"2":{"name":"(anonymous_4)","decl":{"start":{"line":19,"column":13},"end":{"line":19,"column":15}},"loc":{"start":{"line":19,"column":17},"end":{"line":19,"column":21}}},"3":{"name":"(anonymous_5)","decl":{"start":{"line":19,"column":22},"end":{"line":19,"column":27}},"loc":{"start":{"line":19,"column":29},"end":{"line":19,"column":39}}}},"branchMap":{},"s":{"0":2,"1":2,"2":2,"3":2,"4":2,"5":2,"6":2,"7":2,"8":2,"9":2,"10":2,"11":2,"12":2,"13":2,"14":2},"f":{"0":2,"1":2,"2":2,"3":2},"b":{}}
,"C:\\Users\\brayan\\Documents\\ecommercetotal\\api\\src\\routes\\AuthRoutes.ts": {"path":"C:\\Users\\brayan\\Documents\\ecommercetotal\\api\\src\\routes\\AuthRoutes.ts","statementMap":{"0":{"start":{"line":2,"column":0},"end":{"line":2,"column":61}},"1":{"start":{"line":4,"column":0},"end":{"line":4,"column":33}},"2":{"start":{"line":6,"column":13},"end":{"line":6,"column":21}},"3":{"start":{"line":7,"column":21},"end":{"line":7,"column":41}},"4":{"start":{"line":9,"column":0},"end":{"line":9,"column":63}},"5":{"start":{"line":10,"column":0},"end":{"line":10,"column":70}},"6":{"start":{"line":12,"column":0},"end":{"line":12,"column":22}}},"fnMap":{},"branchMap":{},"s":{"0":1,"1":1,"2":1,"3":1,"4":1,"5":1,"6":1},"f":{},"b":{}}
,"C:\\Users\\brayan\\Documents\\ecommercetotal\\api\\src\\routes\\CategoryRoutes.ts": {"path":"C:\\Users\\brayan\\Documents\\ecommercetotal\\api\\src\\routes\\CategoryRoutes.ts","statementMap":{"0":{"start":{"line":1,"column":0},"end":{"line":1,"column":33}},"1":{"start":{"line":2,"column":0},"end":{"line":2,"column":71}},"2":{"start":{"line":3,"column":0},"end":{"line":3,"column":62}},"3":{"start":{"line":5,"column":13},"end":{"line":5,"column":21}},"4":{"start":{"line":6,"column":27},"end":{"line":6,"column":51}},"5":{"start":{"line":8,"column":0},"end":{"line":8,"column":100}},"6":{"start":{"line":9,"column":0},"end":{"line":9,"column":87}},"7":{"start":{"line":10,"column":0},"end":{"line":10,"column":61}},"8":{"start":{"line":11,"column":0},"end":{"line":11,"column":91}},"9":{"start":{"line":12,"column":0},"end":{"line":12,"column":93}},"10":{"start":{"line":14,"column":0},"end":{"line":14,"column":22}}},"fnMap":{},"branchMap":{},"s":{"0":1,"1":1,"2":1,"3":1,"4":1,"5":1,"6":1,"7":1,"8":1,"9":1,"10":1},"f":{},"b":{}}
,"C:\\Users\\brayan\\Documents\\ecommercetotal\\api\\src\\routes\\ProductRoutes.ts": {"path":"C:\\Users\\brayan\\Documents\\ecommercetotal\\api\\src\\routes\\ProductRoutes.ts","statementMap":{"0":{"start":{"line":1,"column":0},"end":{"line":1,"column":33}},"1":{"start":{"line":2,"column":0},"end":{"line":2,"column":69}},"2":{"start":{"line":3,"column":0},"end":{"line":3,"column":38}},"3":{"start":{"line":5,"column":13},"end":{"line":5,"column":21}},"4":{"start":{"line":6,"column":24},"end":{"line":6,"column":47}},"5":{"start":{"line":8,"column":0},"end":{"line":8,"column":78}},"6":{"start":{"line":9,"column":0},"end":{"line":9,"column":81}},"7":{"start":{"line":10,"column":0},"end":{"line":10,"column":102}},"8":{"start":{"line":11,"column":0},"end":{"line":11,"column":106}},"9":{"start":{"line":12,"column":0},"end":{"line":12,"column":87}},"10":{"start":{"line":14,"column":0},"end":{"line":14,"column":22}}},"fnMap":{},"branchMap":{},"s":{"0":1,"1":1,"2":1,"3":1,"4":1,"5":1,"6":1,"7":1,"8":1,"9":1,"10":1},"f":{},"b":{}}
,"C:\\Users\\brayan\\Documents\\ecommercetotal\\api\\src\\routes\\RoleRoutes.ts": {"path":"C:\\Users\\brayan\\Documents\\ecommercetotal\\api\\src\\routes\\RoleRoutes.ts","statementMap":{"0":{"start":{"line":1,"column":0},"end":{"line":1,"column":33}},"1":{"start":{"line":2,"column":0},"end":{"line":2,"column":63}},"2":{"start":{"line":4,"column":13},"end":{"line":4,"column":21}},"3":{"start":{"line":6,"column":0},"end":{"line":6,"column":45}},"4":{"start":{"line":7,"column":0},"end":{"line":7,"column":48}},"5":{"start":{"line":8,"column":0},"end":{"line":8,"column":48}},"6":{"start":{"line":9,"column":0},"end":{"line":9,"column":52}},"7":{"start":{"line":10,"column":0},"end":{"line":10,"column":54}},"8":{"start":{"line":12,"column":0},"end":{"line":12,"column":22}}},"fnMap":{},"branchMap":{},"s":{"0":1,"1":1,"2":1,"3":1,"4":1,"5":1,"6":1,"7":1,"8":1},"f":{},"b":{}}
,"C:\\Users\\brayan\\Documents\\ecommercetotal\\api\\src\\routes\\SaleRoutes.ts": {"path":"C:\\Users\\brayan\\Documents\\ecommercetotal\\api\\src\\routes\\SaleRoutes.ts","statementMap":{"0":{"start":{"line":1,"column":0},"end":{"line":1,"column":63}},"1":{"start":{"line":2,"column":0},"end":{"line":2,"column":33}},"2":{"start":{"line":5,"column":13},"end":{"line":5,"column":21}},"3":{"start":{"line":6,"column":21},"end":{"line":6,"column":41}},"4":{"start":{"line":8,"column":0},"end":{"line":8,"column":66}},"5":{"start":{"line":9,"column":0},"end":{"line":9,"column":69}},"6":{"start":{"line":10,"column":0},"end":{"line":10,"column":69}},"7":{"start":{"line":11,"column":0},"end":{"line":11,"column":86}},"8":{"start":{"line":13,"column":0},"end":{"line":13,"column":22}}},"fnMap":{},"branchMap":{},"s":{"0":1,"1":1,"2":1,"3":1,"4":1,"5":1,"6":1,"7":1,"8":1},"f":{},"b":{}}
,"C:\\Users\\brayan\\Documents\\ecommercetotal\\api\\src\\routes\\UserRoutes.ts": {"path":"C:\\Users\\brayan\\Documents\\ecommercetotal\\api\\src\\routes\\UserRoutes.ts","statementMap":{"0":{"start":{"line":1,"column":0},"end":{"line":1,"column":33}},"1":{"start":{"line":2,"column":0},"end":{"line":2,"column":63}},"2":{"start":{"line":4,"column":13},"end":{"line":4,"column":21}},"3":{"start":{"line":6,"column":0},"end":{"line":6,"column":45}},"4":{"start":{"line":7,"column":0},"end":{"line":7,"column":49}},"5":{"start":{"line":8,"column":0},"end":{"line":8,"column":48}},"6":{"start":{"line":9,"column":0},"end":{"line":9,"column":52}},"7":{"start":{"line":10,"column":0},"end":{"line":10,"column":55}},"8":{"start":{"line":11,"column":0},"end":{"line":11,"column":43}},"9":{"start":{"line":19,"column":0},"end":{"line":19,"column":22}}},"fnMap":{},"branchMap":{},"s":{"0":1,"1":1,"2":1,"3":1,"4":1,"5":1,"6":1,"7":1,"8":1,"9":1},"f":{},"b":{}}
,"C:\\Users\\brayan\\Documents\\ecommercetotal\\api\\src\\services\\CategoryService.ts": {"path":"C:\\Users\\brayan\\Documents\\ecommercetotal\\api\\src\\services\\CategoryService.ts","statementMap":{"0":{"start":{"line":1,"column":0},"end":{"line":1,"column":46}},"1":{"start":{"line":3,"column":0},"end":{"line":3,"column":51}},"2":{"start":{"line":11,"column":4},"end":{"line":11,"column":66}},"3":{"start":{"line":14,"column":22},"end":{"line":34,"column":null}},"4":{"start":{"line":16,"column":15},"end":{"line":16,"column":29}},"5":{"start":{"line":18,"column":23},"end":{"line":25,"column":6}},"6":{"start":{"line":26,"column":21},"end":{"line":26,"column":43}},"7":{"start":{"line":28,"column":4},"end":{"line":33,"column":6}},"8":{"start":{"line":37,"column":4},"end":{"line":37,"column":68}},"9":{"start":{"line":41,"column":28},"end":{"line":41,"column":68}},"10":{"start":{"line":42,"column":4},"end":{"line":42,"column":56}},"11":{"start":{"line":43,"column":4},"end":{"line":43,"column":27}},"12":{"start":{"line":47,"column":24},"end":{"line":47,"column":80}},"13":{"start":{"line":48,"column":2},"end":{"line":48,"column":65}},"14":{"start":{"line":48,"column":22},"end":{"line":48,"column":65}},"15":{"start":{"line":51,"column":2},"end":{"line":51,"column":41}},"16":{"start":{"line":54,"column":2},"end":{"line":54,"column":52}},"17":{"start":{"line":55,"column":2},"end":{"line":55,"column":23}},"18":{"start":{"line":59,"column":26},"end":{"line":59,"column":82}},"19":{"start":{"line":60,"column":4},"end":{"line":60,"column":67}},"20":{"start":{"line":60,"column":24},"end":{"line":60,"column":67}},"21":{"start":{"line":61,"column":4},"end":{"line":61,"column":56}},"22":{"start":{"line":7,"column":0},"end":{"line":7,"column":13}}},"fnMap":{"0":{"name":"(anonymous_7)","decl":{"start":{"line":10,"column":2},"end":{"line":10,"column":null}},"loc":{"start":{"line":10,"column":2},"end":{"line":12,"column":3}}},"1":{"name":"(anonymous_8)","decl":{"start":{"line":14,"column":8},"end":{"line":14,"column":21}},"loc":{"start":{"line":14,"column":21},"end":{"line":34,"column":null}}},"2":{"name":"(anonymous_9)","decl":{"start":{"line":14,"column":22},"end":{"line":14,"column":34}},"loc":{"start":{"line":14,"column":50},"end":{"line":34,"column":1}}},"3":{"name":"(anonymous_10)","decl":{"start":{"line":36,"column":6},"end":{"line":36,"column":17}},"loc":{"start":{"line":36,"column":28},"end":{"line":38,"column":null}}},"4":{"name":"(anonymous_12)","decl":{"start":{"line":40,"column":6},"end":{"line":40,"column":20}},"loc":{"start":{"line":40,"column":48},"end":{"line":44,"column":null}}},"5":{"name":"(anonymous_14)","decl":{"start":{"line":46,"column":6},"end":{"line":46,"column":20}},"loc":{"start":{"line":46,"column":60},"end":{"line":56,"column":null}}},"6":{"name":"(anonymous_16)","decl":{"start":{"line":58,"column":6},"end":{"line":58,"column":20}},"loc":{"start":{"line":58,"column":31},"end":{"line":62,"column":null}}}},"branchMap":{"0":{"loc":{"start":{"line":14,"column":22},"end":{"line":14,"column":35}},"type":"default-arg","locations":[{"start":{"line":14,"column":34},"end":{"line":14,"column":35}}]},"1":{"loc":{"start":{"line":14,"column":36},"end":{"line":14,"column":50}},"type":"default-arg","locations":[{"start":{"line":14,"column":49},"end":{"line":14,"column":50}}]},"2":{"loc":{"start":{"line":48,"column":2},"end":{"line":48,"column":65}},"type":"if","locations":[{"start":{"line":48,"column":2},"end":{"line":48,"column":65}}]},"3":{"loc":{"start":{"line":60,"column":4},"end":{"line":60,"column":67}},"type":"if","locations":[{"start":{"line":60,"column":4},"end":{"line":60,"column":67}}]}},"s":{"0":1,"1":1,"2":1,"3":0,"4":0,"5":0,"6":0,"7":0,"8":0,"9":0,"10":0,"11":0,"12":0,"13":0,"14":0,"15":0,"16":0,"17":0,"18":0,"19":0,"20":0,"21":0,"22":1},"f":{"0":1,"1":0,"2":0,"3":0,"4":0,"5":0,"6":0},"b":{"0":[0],"1":[0],"2":[0],"3":[0]}}
,"C:\\Users\\brayan\\Documents\\ecommercetotal\\api\\src\\services\\ProductService.ts": {"path":"C:\\Users\\brayan\\Documents\\ecommercetotal\\api\\src\\services\\ProductService.ts","statementMap":{"0":{"start":{"line":1,"column":0},"end":{"line":1,"column":20}},"1":{"start":{"line":2,"column":0},"end":{"line":2,"column":24}},"2":{"start":{"line":3,"column":0},"end":{"line":3,"column":46}},"3":{"start":{"line":4,"column":0},"end":{"line":4,"column":44}},"4":{"start":{"line":5,"column":0},"end":{"line":5,"column":51}},"5":{"start":{"line":7,"column":0},"end":{"line":7,"column":46}},"6":{"start":{"line":8,"column":0},"end":{"line":8,"column":56}},"7":{"start":{"line":9,"column":0},"end":{"line":9,"column":51}},"8":{"start":{"line":16,"column":8},"end":{"line":16,"column":70}},"9":{"start":{"line":17,"column":8},"end":{"line":17,"column":72}},"10":{"start":{"line":20,"column":22},"end":{"line":67,"column":null}},"11":{"start":{"line":22,"column":19},"end":{"line":22,"column":33}},"12":{"start":{"line":23,"column":36},"end":{"line":23,"column":38}},"13":{"start":{"line":26,"column":8},"end":{"line":28,"column":9}},"14":{"start":{"line":27,"column":10},"end":{"line":27,"column":55}},"15":{"start":{"line":31,"column":8},"end":{"line":37,"column":9}},"16":{"start":{"line":32,"column":10},"end":{"line":32,"column":61}},"17":{"start":{"line":33,"column":15},"end":{"line":37,"column":9}},"18":{"start":{"line":34,"column":10},"end":{"line":34,"column":52}},"19":{"start":{"line":35,"column":15},"end":{"line":37,"column":9}},"20":{"start":{"line":36,"column":10},"end":{"line":36,"column":52}},"21":{"start":{"line":39,"column":33},"end":{"line":39,"column":35}},"22":{"start":{"line":40,"column":8},"end":{"line":46,"column":11}},"23":{"start":{"line":41,"column":12},"end":{"line":41,"column":39}},"24":{"start":{"line":42,"column":14},"end":{"line":46,"column":11}},"25":{"start":{"line":43,"column":11},"end":{"line":43,"column":39}},"26":{"start":{"line":45,"column":12},"end":{"line":45,"column":39}},"27":{"start":{"line":47,"column":8},"end":{"line":47,"column":null}},"28":{"start":{"line":48,"column":27},"end":{"line":54,"column":10}},"29":{"start":{"line":57,"column":2},"end":{"line":57,"column":29}},"30":{"start":{"line":59,"column":25},"end":{"line":59,"column":47}},"31":{"start":{"line":61,"column":8},"end":{"line":66,"column":10}},"32":{"start":{"line":70,"column":24},"end":{"line":70,"column":79}},"33":{"start":{"line":71,"column":8},"end":{"line":71,"column":73}},"34":{"start":{"line":71,"column":22},"end":{"line":71,"column":73}},"35":{"start":{"line":72,"column":8},"end":{"line":72,"column":23}},"36":{"start":{"line":76,"column":4},"end":{"line":80,"column":5}},"37":{"start":{"line":77,"column":26},"end":{"line":77,"column":50}},"38":{"start":{"line":78,"column":8},"end":{"line":78,"column":43}},"39":{"start":{"line":79,"column":8},"end":{"line":79,"column":25}},"40":{"start":{"line":81,"column":4},"end":{"line":81,"column":16}},"41":{"start":{"line":84,"column":25},"end":{"line":84,"column":102}},"42":{"start":{"line":85,"column":8},"end":{"line":85,"column":74}},"43":{"start":{"line":85,"column":23},"end":{"line":85,"column":74}},"44":{"start":{"line":86,"column":8},"end":{"line":86,"column":35}},"45":{"start":{"line":88,"column":8},"end":{"line":88,"column":51}},"46":{"start":{"line":89,"column":31},"end":{"line":89,"column":86}},"47":{"start":{"line":91,"column":8},"end":{"line":91,"column":47}},"48":{"start":{"line":92,"column":8},"end":{"line":92,"column":58}},"49":{"start":{"line":93,"column":8},"end":{"line":93,"column":30}},"50":{"start":{"line":97,"column":25},"end":{"line":97,"column":102}},"51":{"start":{"line":98,"column":8},"end":{"line":98,"column":74}},"52":{"start":{"line":98,"column":23},"end":{"line":98,"column":74}},"53":{"start":{"line":99,"column":29},"end":{"line":99,"column":84}},"54":{"start":{"line":100,"column":8},"end":{"line":100,"column":77}},"55":{"start":{"line":100,"column":27},"end":{"line":100,"column":77}},"56":{"start":{"line":101,"column":8},"end":{"line":101,"column":35}},"57":{"start":{"line":103,"column":8},"end":{"line":128,"column":9}},"58":{"start":{"line":106,"column":12},"end":{"line":124,"column":13}},"59":{"start":{"line":108,"column":39},"end":{"line":108,"column":74}},"60":{"start":{"line":109,"column":34},"end":{"line":111,"column":68}},"61":{"start":{"line":113,"column":16},"end":{"line":123,"column":17}},"62":{"start":{"line":114,"column":20},"end":{"line":120,"column":21}},"63":{"start":{"line":115,"column":24},"end":{"line":115,"column":49}},"64":{"start":{"line":116,"column":24},"end":{"line":116,"column":77}},"65":{"start":{"line":117,"column":24},"end":{"line":117,"column":67}},"66":{"start":{"line":119,"column":24},"end":{"line":119,"column":86}},"67":{"start":{"line":122,"column":20},"end":{"line":122,"column":79}},"68":{"start":{"line":127,"column":12},"end":{"line":127,"column":33}},"69":{"start":{"line":130,"column":8},"end":{"line":130,"column":62}},"70":{"start":{"line":131,"column":8},"end":{"line":131,"column":45}},"71":{"start":{"line":132,"column":8},"end":{"line":132,"column":50}},"72":{"start":{"line":133,"column":8},"end":{"line":133,"column":28}},"73":{"start":{"line":137,"column":24},"end":{"line":137,"column":79}},"74":{"start":{"line":138,"column":8},"end":{"line":138,"column":72}},"75":{"start":{"line":138,"column":22},"end":{"line":138,"column":72}},"76":{"start":{"line":139,"column":8},"end":{"line":139,"column":53}},"77":{"start":{"line":11,"column":0},"end":{"line":11,"column":13}}},"fnMap":{"0":{"name":"(anonymous_8)","decl":{"start":{"line":15,"column":4},"end":{"line":15,"column":null}},"loc":{"start":{"line":15,"column":4},"end":{"line":18,"column":5}}},"1":{"name":"(anonymous_9)","decl":{"start":{"line":20,"column":10},"end":{"line":20,"column":21}},"loc":{"start":{"line":20,"column":21},"end":{"line":67,"column":null}}},"2":{"name":"(anonymous_10)","decl":{"start":{"line":20,"column":22},"end":{"line":20,"column":34}},"loc":{"start":{"line":20,"column":123},"end":{"line":67,"column":5}}},"3":{"name":"(anonymous_11)","decl":{"start":{"line":69,"column":10},"end":{"line":69,"column":20}},"loc":{"start":{"line":69,"column":31},"end":{"line":73,"column":null}}},"4":{"name":"(anonymous_13)","decl":{"start":{"line":74,"column":0},"end":{"line":74,"column":8}},"loc":{"start":{"line":74,"column":25},"end":{"line":82,"column":1}}},"5":{"name":"(anonymous_14)","decl":{"start":{"line":83,"column":10},"end":{"line":83,"column":23}},"loc":{"start":{"line":83,"column":49},"end":{"line":94,"column":null}}},"6":{"name":"(anonymous_16)","decl":{"start":{"line":96,"column":10},"end":{"line":96,"column":23}},"loc":{"start":{"line":96,"column":61},"end":{"line":134,"column":null}}},"7":{"name":"(anonymous_18)","decl":{"start":{"line":136,"column":10},"end":{"line":136,"column":23}},"loc":{"start":{"line":136,"column":34},"end":{"line":140,"column":null}}}},"branchMap":{"0":{"loc":{"start":{"line":20,"column":22},"end":{"line":20,"column":35}},"type":"default-arg","locations":[{"start":{"line":20,"column":34},"end":{"line":20,"column":35}}]},"1":{"loc":{"start":{"line":20,"column":36},"end":{"line":20,"column":51}},"type":"default-arg","locations":[{"start":{"line":20,"column":49},"end":{"line":20,"column":51}}]},"2":{"loc":{"start":{"line":20,"column":52},"end":{"line":20,"column":71}},"type":"default-arg","locations":[{"start":{"line":20,"column":70},"end":{"line":20,"column":71}}]},"3":{"loc":{"start":{"line":26,"column":8},"end":{"line":28,"column":9}},"type":"if","locations":[{"start":{"line":26,"column":8},"end":{"line":28,"column":9}}]},"4":{"loc":{"start":{"line":31,"column":8},"end":{"line":37,"column":9}},"type":"if","locations":[{"start":{"line":31,"column":8},"end":{"line":37,"column":9}},{"start":{"line":33,"column":15},"end":{"line":37,"column":9}}]},"5":{"loc":{"start":{"line":31,"column":12},"end":{"line":31,"column":60}},"type":"binary-expr","locations":[{"start":{"line":31,"column":12},"end":{"line":31,"column":34}},{"start":{"line":31,"column":38},"end":{"line":31,"column":60}}]},"6":{"loc":{"start":{"line":33,"column":15},"end":{"line":37,"column":9}},"type":"if","locations":[{"start":{"line":33,"column":15},"end":{"line":37,"column":9}},{"start":{"line":35,"column":15},"end":{"line":37,"column":9}}]},"7":{"loc":{"start":{"line":35,"column":15},"end":{"line":37,"column":9}},"type":"if","locations":[{"start":{"line":35,"column":15},"end":{"line":37,"column":9}}]},"8":{"loc":{"start":{"line":40,"column":8},"end":{"line":46,"column":11}},"type":"if","locations":[{"start":{"line":40,"column":8},"end":{"line":46,"column":11}},{"start":{"line":42,"column":14},"end":{"line":46,"column":11}}]},"9":{"loc":{"start":{"line":42,"column":14},"end":{"line":46,"column":11}},"type":"if","locations":[{"start":{"line":42,"column":14},"end":{"line":46,"column":11}},{"start":{"line":44,"column":14},"end":{"line":46,"column":11}}]},"10":{"loc":{"start":{"line":71,"column":8},"end":{"line":71,"column":73}},"type":"if","locations":[{"start":{"line":71,"column":8},"end":{"line":71,"column":73}}]},"11":{"loc":{"start":{"line":76,"column":4},"end":{"line":80,"column":5}},"type":"if","locations":[{"start":{"line":76,"column":4},"end":{"line":80,"column":5}}]},"12":{"loc":{"start":{"line":85,"column":8},"end":{"line":85,"column":74}},"type":"if","locations":[{"start":{"line":85,"column":8},"end":{"line":85,"column":74}}]},"13":{"loc":{"start":{"line":98,"column":8},"end":{"line":98,"column":74}},"type":"if","locations":[{"start":{"line":98,"column":8},"end":{"line":98,"column":74}}]},"14":{"loc":{"start":{"line":100,"column":8},"end":{"line":100,"column":77}},"type":"if","locations":[{"start":{"line":100,"column":8},"end":{"line":100,"column":77}}]},"15":{"loc":{"start":{"line":103,"column":8},"end":{"line":128,"column":9}},"type":"if","locations":[{"start":{"line":103,"column":8},"end":{"line":128,"column":9}},{"start":{"line":125,"column":15},"end":{"line":128,"column":9}}]},"16":{"loc":{"start":{"line":106,"column":12},"end":{"line":124,"column":13}},"type":"if","locations":[{"start":{"line":106,"column":12},"end":{"line":124,"column":13}}]},"17":{"loc":{"start":{"line":106,"column":16},"end":{"line":106,"column":70}},"type":"binary-expr","locations":[{"start":{"line":106,"column":16},"end":{"line":106,"column":34}},{"start":{"line":106,"column":38},"end":{"line":106,"column":70}}]},"18":{"loc":{"start":{"line":109,"column":34},"end":{"line":111,"column":68}},"type":"cond-expr","locations":[{"start":{"line":110,"column":22},"end":{"line":110,"column":40}},{"start":{"line":111,"column":22},"end":{"line":111,"column":68}}]},"19":{"loc":{"start":{"line":113,"column":16},"end":{"line":123,"column":17}},"type":"if","locations":[{"start":{"line":113,"column":16},"end":{"line":123,"column":17}},{"start":{"line":121,"column":23},"end":{"line":123,"column":17}}]},"20":{"loc":{"start":{"line":138,"column":8},"end":{"line":138,"column":72}},"type":"if","locations":[{"start":{"line":138,"column":8},"end":{"line":138,"column":72}}]}},"s":{"0":1,"1":1,"2":1,"3":1,"4":1,"5":1,"6":1,"7":1,"8":1,"9":1,"10":0,"11":0,"12":0,"13":0,"14":0,"15":0,"16":0,"17":0,"18":0,"19":0,"20":0,"21":0,"22":0,"23":0,"24":0,"25":0,"26":0,"27":0,"28":0,"29":0,"30":0,"31":0,"32":0,"33":0,"34":0,"35":0,"36":0,"37":0,"38":0,"39":0,"40":0,"41":0,"42":0,"43":0,"44":0,"45":0,"46":0,"47":0,"48":0,"49":0,"50":0,"51":0,"52":0,"53":0,"54":0,"55":0,"56":0,"57":0,"58":0,"59":0,"60":0,"61":0,"62":0,"63":0,"64":0,"65":0,"66":0,"67":0,"68":0,"69":0,"70":0,"71":0,"72":0,"73":0,"74":0,"75":0,"76":0,"77":1},"f":{"0":1,"1":0,"2":0,"3":0,"4":0,"5":0,"6":0,"7":0},"b":{"0":[0],"1":[0],"2":[0],"3":[0],"4":[0,0],"5":[0,0],"6":[0,0],"7":[0],"8":[0,0],"9":[0,0],"10":[0],"11":[0],"12":[0],"13":[0],"14":[0],"15":[0,0],"16":[0],"17":[0,0],"18":[0,0],"19":[0,0],"20":[0]}}
,"C:\\Users\\brayan\\Documents\\ecommercetotal\\api\\src\\services\\RoleService.ts": {"path":"C:\\Users\\brayan\\Documents\\ecommercetotal\\api\\src\\services\\RoleService.ts","statementMap":{"0":{"start":{"line":1,"column":0},"end":{"line":1,"column":51}},"1":{"start":{"line":2,"column":0},"end":{"line":2,"column":38}},"2":{"start":{"line":5,"column":23},"end":{"line":5,"column":56}},"3":{"start":{"line":9,"column":8},"end":{"line":9,"column":43}},"4":{"start":{"line":13,"column":8},"end":{"line":13,"column":63}},"5":{"start":{"line":17,"column":28},"end":{"line":17,"column":55}},"6":{"start":{"line":18,"column":8},"end":{"line":18,"column":40}},"7":{"start":{"line":19,"column":8},"end":{"line":19,"column":27}},"8":{"start":{"line":23,"column":21},"end":{"line":23,"column":68}},"9":{"start":{"line":24,"column":8},"end":{"line":24,"column":56}},"10":{"start":{"line":24,"column":19},"end":{"line":24,"column":56}},"11":{"start":{"line":25,"column":8},"end":{"line":25,"column":51}},"12":{"start":{"line":25,"column":26},"end":{"line":25,"column":51}},"13":{"start":{"line":26,"column":8},"end":{"line":26,"column":40}},"14":{"start":{"line":27,"column":8},"end":{"line":27,"column":20}},"15":{"start":{"line":31,"column":21},"end":{"line":31,"column":68}},"16":{"start":{"line":32,"column":8},"end":{"line":32,"column":57}},"17":{"start":{"line":32,"column":19},"end":{"line":32,"column":57}},"18":{"start":{"line":33,"column":8},"end":{"line":33,"column":42}},"19":{"start":{"line":7,"column":0},"end":{"line":7,"column":13}}},"fnMap":{"0":{"name":"(anonymous_7)","decl":{"start":{"line":8,"column":4},"end":{"line":8,"column":10}},"loc":{"start":{"line":8,"column":25},"end":{"line":10,"column":null}}},"1":{"name":"(anonymous_9)","decl":{"start":{"line":12,"column":4},"end":{"line":12,"column":10}},"loc":{"start":{"line":12,"column":39},"end":{"line":14,"column":null}}},"2":{"name":"(anonymous_11)","decl":{"start":{"line":16,"column":4},"end":{"line":16,"column":10}},"loc":{"start":{"line":16,"column":47},"end":{"line":20,"column":null}}},"3":{"name":"(anonymous_13)","decl":{"start":{"line":22,"column":4},"end":{"line":22,"column":10}},"loc":{"start":{"line":22,"column":63},"end":{"line":28,"column":null}}},"4":{"name":"(anonymous_15)","decl":{"start":{"line":30,"column":4},"end":{"line":30,"column":10}},"loc":{"start":{"line":30,"column":38},"end":{"line":34,"column":null}}}},"branchMap":{"0":{"loc":{"start":{"line":24,"column":8},"end":{"line":24,"column":56}},"type":"if","locations":[{"start":{"line":24,"column":8},"end":{"line":24,"column":56}}]},"1":{"loc":{"start":{"line":25,"column":8},"end":{"line":25,"column":51}},"type":"if","locations":[{"start":{"line":25,"column":8},"end":{"line":25,"column":51}}]},"2":{"loc":{"start":{"line":32,"column":8},"end":{"line":32,"column":57}},"type":"if","locations":[{"start":{"line":32,"column":8},"end":{"line":32,"column":57}}]}},"s":{"0":1,"1":1,"2":1,"3":0,"4":0,"5":0,"6":0,"7":0,"8":0,"9":0,"10":0,"11":0,"12":0,"13":0,"14":0,"15":0,"16":0,"17":0,"18":0,"19":1},"f":{"0":0,"1":0,"2":0,"3":0,"4":0},"b":{"0":[0],"1":[0],"2":[0]}}
,"C:\\Users\\brayan\\Documents\\ecommercetotal\\api\\src\\services\\SaleService.ts": {"path":"C:\\Users\\brayan\\Documents\\ecommercetotal\\api\\src\\services\\SaleService.ts","statementMap":{"0":{"start":{"line":1,"column":0},"end":{"line":1,"column":38}},"1":{"start":{"line":2,"column":0},"end":{"line":2,"column":42}},"2":{"start":{"line":3,"column":0},"end":{"line":3,"column":38}},"3":{"start":{"line":5,"column":0},"end":{"line":5,"column":51}},"4":{"start":{"line":6,"column":0},"end":{"line":6,"column":56}},"5":{"start":{"line":8,"column":0},"end":{"line":8,"column":44}},"6":{"start":{"line":17,"column":8},"end":{"line":17,"column":62}},"7":{"start":{"line":18,"column":8},"end":{"line":18,"column":66}},"8":{"start":{"line":19,"column":8},"end":{"line":19,"column":68}},"9":{"start":{"line":20,"column":8},"end":{"line":20,"column":62}},"10":{"start":{"line":24,"column":8},"end":{"line":26,"column":11}},"11":{"start":{"line":30,"column":22},"end":{"line":33,"column":6}},"12":{"start":{"line":34,"column":6},"end":{"line":34,"column":68}},"13":{"start":{"line":34,"column":21},"end":{"line":34,"column":68}},"14":{"start":{"line":35,"column":6},"end":{"line":35,"column":23}},"15":{"start":{"line":39,"column":28},"end":{"line":39,"column":86}},"16":{"start":{"line":40,"column":8},"end":{"line":40,"column":36}},"17":{"start":{"line":41,"column":8},"end":{"line":41,"column":45}},"18":{"start":{"line":43,"column":8},"end":{"line":75,"column":9}},"19":{"start":{"line":45,"column":12},"end":{"line":47,"column":13}},"20":{"start":{"line":46,"column":16},"end":{"line":46,"column":76}},"21":{"start":{"line":50,"column":25},"end":{"line":50,"column":91}},"22":{"start":{"line":51,"column":12},"end":{"line":51,"column":72}},"23":{"start":{"line":51,"column":23},"end":{"line":51,"column":72}},"24":{"start":{"line":54,"column":31},"end":{"line":54,"column":76}},"25":{"start":{"line":55,"column":30},"end":{"line":55,"column":72}},"26":{"start":{"line":58,"column":12},"end":{"line":63,"column":13}},"27":{"start":{"line":59,"column":32},"end":{"line":59,"column":106}},"28":{"start":{"line":60,"column":16},"end":{"line":60,"column":114}},"29":{"start":{"line":60,"column":30},"end":{"line":60,"column":114}},"30":{"start":{"line":61,"column":37},"end":{"line":61,"column":106}},"31":{"start":{"line":62,"column":16},"end":{"line":62,"column":61}},"32":{"start":{"line":66,"column":12},"end":{"line":66,"column":50}},"33":{"start":{"line":67,"column":12},"end":{"line":67,"column":29}},"34":{"start":{"line":70,"column":12},"end":{"line":70,"column":52}},"35":{"start":{"line":71,"column":12},"end":{"line":71,"column":24}},"36":{"start":{"line":74,"column":12},"end":{"line":74,"column":40}},"37":{"start":{"line":79,"column":24},"end":{"line":79,"column":79}},"38":{"start":{"line":80,"column":8},"end":{"line":80,"column":68}},"39":{"start":{"line":80,"column":23},"end":{"line":80,"column":68}},"40":{"start":{"line":81,"column":27},"end":{"line":84,"column":10}},"41":{"start":{"line":86,"column":8},"end":{"line":86,"column":27}},"42":{"start":{"line":10,"column":0},"end":{"line":10,"column":13}}},"fnMap":{"0":{"name":"(anonymous_7)","decl":{"start":{"line":16,"column":4},"end":{"line":16,"column":null}},"loc":{"start":{"line":16,"column":4},"end":{"line":21,"column":5}}},"1":{"name":"(anonymous_8)","decl":{"start":{"line":23,"column":10},"end":{"line":23,"column":18}},"loc":{"start":{"line":23,"column":18},"end":{"line":27,"column":null}}},"2":{"name":"(anonymous_10)","decl":{"start":{"line":29,"column":10},"end":{"line":29,"column":17}},"loc":{"start":{"line":29,"column":27},"end":{"line":36,"column":null}}},"3":{"name":"(anonymous_12)","decl":{"start":{"line":38,"column":10},"end":{"line":38,"column":20}},"loc":{"start":{"line":38,"column":40},"end":{"line":76,"column":null}}},"4":{"name":"(anonymous_14)","decl":{"start":{"line":78,"column":10},"end":{"line":78,"column":24}},"loc":{"start":{"line":78,"column":39},"end":{"line":87,"column":null}}}},"branchMap":{"0":{"loc":{"start":{"line":34,"column":6},"end":{"line":34,"column":68}},"type":"if","locations":[{"start":{"line":34,"column":6},"end":{"line":34,"column":68}}]},"1":{"loc":{"start":{"line":45,"column":12},"end":{"line":47,"column":13}},"type":"if","locations":[{"start":{"line":45,"column":12},"end":{"line":47,"column":13}}]},"2":{"loc":{"start":{"line":45,"column":16},"end":{"line":45,"column":58}},"type":"binary-expr","locations":[{"start":{"line":45,"column":16},"end":{"line":45,"column":29}},{"start":{"line":45,"column":33},"end":{"line":45,"column":58}}]},"3":{"loc":{"start":{"line":51,"column":12},"end":{"line":51,"column":72}},"type":"if","locations":[{"start":{"line":51,"column":12},"end":{"line":51,"column":72}}]},"4":{"loc":{"start":{"line":60,"column":16},"end":{"line":60,"column":114}},"type":"if","locations":[{"start":{"line":60,"column":16},"end":{"line":60,"column":114}}]},"5":{"loc":{"start":{"line":80,"column":8},"end":{"line":80,"column":68}},"type":"if","locations":[{"start":{"line":80,"column":8},"end":{"line":80,"column":68}}]}},"s":{"0":1,"1":1,"2":1,"3":1,"4":1,"5":1,"6":1,"7":1,"8":1,"9":1,"10":0,"11":0,"12":0,"13":0,"14":0,"15":0,"16":0,"17":0,"18":0,"19":0,"20":0,"21":0,"22":0,"23":0,"24":0,"25":0,"26":0,"27":0,"28":0,"29":0,"30":0,"31":0,"32":0,"33":0,"34":0,"35":0,"36":0,"37":0,"38":0,"39":0,"40":0,"41":0,"42":1},"f":{"0":1,"1":0,"2":0,"3":0,"4":0},"b":{"0":[0],"1":[0],"2":[0,0],"3":[0],"4":[0],"5":[0]}}
,"C:\\Users\\brayan\\Documents\\ecommercetotal\\api\\src\\services\\UserService.ts": {"path":"C:\\Users\\brayan\\Documents\\ecommercetotal\\api\\src\\services\\UserService.ts","statementMap":{"0":{"start":{"line":1,"column":0},"end":{"line":1,"column":51}},"1":{"start":{"line":2,"column":0},"end":{"line":2,"column":46}},"2":{"start":{"line":3,"column":0},"end":{"line":3,"column":56}},"3":{"start":{"line":5,"column":0},"end":{"line":5,"column":38}},"4":{"start":{"line":6,"column":0},"end":{"line":6,"column":38}},"5":{"start":{"line":7,"column":0},"end":{"line":7,"column":30}},"6":{"start":{"line":9,"column":23},"end":{"line":9,"column":56}},"7":{"start":{"line":10,"column":23},"end":{"line":10,"column":56}},"8":{"start":{"line":15,"column":8},"end":{"line":15,"column":66}},"9":{"start":{"line":19,"column":8},"end":{"line":19,"column":84}},"10":{"start":{"line":23,"column":21},"end":{"line":23,"column":76}},"11":{"start":{"line":24,"column":8},"end":{"line":24,"column":56}},"12":{"start":{"line":24,"column":19},"end":{"line":24,"column":56}},"13":{"start":{"line":25,"column":8},"end":{"line":25,"column":48}},"14":{"start":{"line":26,"column":21},"end":{"line":26,"column":69}},"15":{"start":{"line":27,"column":8},"end":{"line":27,"column":40}},"16":{"start":{"line":28,"column":8},"end":{"line":28,"column":20}},"17":{"start":{"line":32,"column":21},"end":{"line":32,"column":89}},"18":{"start":{"line":33,"column":8},"end":{"line":33,"column":60}},"19":{"start":{"line":33,"column":19},"end":{"line":33,"column":60}},"20":{"start":{"line":35,"column":8},"end":{"line":35,"column":54}},"21":{"start":{"line":35,"column":27},"end":{"line":35,"column":54}},"22":{"start":{"line":36,"column":8},"end":{"line":36,"column":85}},"23":{"start":{"line":36,"column":30},"end":{"line":36,"column":85}},"24":{"start":{"line":38,"column":8},"end":{"line":42,"column":9}},"25":{"start":{"line":39,"column":25},"end":{"line":39,"column":88}},"26":{"start":{"line":40,"column":12},"end":{"line":40,"column":60}},"27":{"start":{"line":40,"column":23},"end":{"line":40,"column":60}},"28":{"start":{"line":41,"column":12},"end":{"line":41,"column":29}},"29":{"start":{"line":44,"column":8},"end":{"line":44,"column":40}},"30":{"start":{"line":45,"column":8},"end":{"line":45,"column":20}},"31":{"start":{"line":49,"column":21},"end":{"line":49,"column":68}},"32":{"start":{"line":50,"column":8},"end":{"line":50,"column":60}},"33":{"start":{"line":50,"column":19},"end":{"line":50,"column":60}},"34":{"start":{"line":52,"column":8},"end":{"line":52,"column":42}},"35":{"start":{"line":56,"column":22},"end":{"line":56,"column":67}},"36":{"start":{"line":57,"column":6},"end":{"line":57,"column":70}},"37":{"start":{"line":57,"column":21},"end":{"line":57,"column":70}},"38":{"start":{"line":58,"column":28},"end":{"line":58,"column":77}},"39":{"start":{"line":59,"column":6},"end":{"line":59,"column":69}},"40":{"start":{"line":59,"column":27},"end":{"line":59,"column":69}},"41":{"start":{"line":60,"column":18},"end":{"line":60,"column":56}},"42":{"start":{"line":61,"column":6},"end":{"line":61,"column":36}},"43":{"start":{"line":65,"column":22},"end":{"line":65,"column":78}},"44":{"start":{"line":66,"column":6},"end":{"line":66,"column":63}},"45":{"start":{"line":66,"column":20},"end":{"line":66,"column":63}},"46":{"start":{"line":67,"column":17},"end":{"line":67,"column":70}},"47":{"start":{"line":68,"column":6},"end":{"line":68,"column":61}},"48":{"start":{"line":68,"column":16},"end":{"line":68,"column":61}},"49":{"start":{"line":69,"column":6},"end":{"line":69,"column":56}},"50":{"start":{"line":70,"column":23},"end":{"line":70,"column":60}},"51":{"start":{"line":71,"column":6},"end":{"line":71,"column":44}},"52":{"start":{"line":72,"column":6},"end":{"line":72,"column":24}},"53":{"start":{"line":12,"column":0},"end":{"line":12,"column":13}}},"fnMap":{"0":{"name":"(anonymous_8)","decl":{"start":{"line":14,"column":4},"end":{"line":14,"column":10}},"loc":{"start":{"line":14,"column":25},"end":{"line":16,"column":null}}},"1":{"name":"(anonymous_10)","decl":{"start":{"line":18,"column":4},"end":{"line":18,"column":10}},"loc":{"start":{"line":18,"column":39},"end":{"line":20,"column":null}}},"2":{"name":"(anonymous_12)","decl":{"start":{"line":22,"column":4},"end":{"line":22,"column":10}},"loc":{"start":{"line":22,"column":75},"end":{"line":29,"column":null}}},"3":{"name":"(anonymous_14)","decl":{"start":{"line":31,"column":4},"end":{"line":31,"column":10}},"loc":{"start":{"line":31,"column":63},"end":{"line":46,"column":null}}},"4":{"name":"(anonymous_16)","decl":{"start":{"line":48,"column":4},"end":{"line":48,"column":10}},"loc":{"start":{"line":48,"column":38},"end":{"line":53,"column":null}}},"5":{"name":"(anonymous_18)","decl":{"start":{"line":55,"column":10},"end":{"line":55,"column":15}},"loc":{"start":{"line":55,"column":44},"end":{"line":62,"column":null}}},"6":{"name":"(anonymous_20)","decl":{"start":{"line":64,"column":10},"end":{"line":64,"column":18}},"loc":{"start":{"line":64,"column":29},"end":{"line":73,"column":null}}}},"branchMap":{"0":{"loc":{"start":{"line":24,"column":8},"end":{"line":24,"column":56}},"type":"if","locations":[{"start":{"line":24,"column":8},"end":{"line":24,"column":56}}]},"1":{"loc":{"start":{"line":33,"column":8},"end":{"line":33,"column":60}},"type":"if","locations":[{"start":{"line":33,"column":8},"end":{"line":33,"column":60}}]},"2":{"loc":{"start":{"line":35,"column":8},"end":{"line":35,"column":54}},"type":"if","locations":[{"start":{"line":35,"column":8},"end":{"line":35,"column":54}}]},"3":{"loc":{"start":{"line":36,"column":8},"end":{"line":36,"column":85}},"type":"if","locations":[{"start":{"line":36,"column":8},"end":{"line":36,"column":85}}]},"4":{"loc":{"start":{"line":38,"column":8},"end":{"line":42,"column":9}},"type":"if","locations":[{"start":{"line":38,"column":8},"end":{"line":42,"column":9}}]},"5":{"loc":{"start":{"line":40,"column":12},"end":{"line":40,"column":60}},"type":"if","locations":[{"start":{"line":40,"column":12},"end":{"line":40,"column":60}}]},"6":{"loc":{"start":{"line":50,"column":8},"end":{"line":50,"column":60}},"type":"if","locations":[{"start":{"line":50,"column":8},"end":{"line":50,"column":60}}]},"7":{"loc":{"start":{"line":57,"column":6},"end":{"line":57,"column":70}},"type":"if","locations":[{"start":{"line":57,"column":6},"end":{"line":57,"column":70}}]},"8":{"loc":{"start":{"line":59,"column":6},"end":{"line":59,"column":69}},"type":"if","locations":[{"start":{"line":59,"column":6},"end":{"line":59,"column":69}}]},"9":{"loc":{"start":{"line":66,"column":6},"end":{"line":66,"column":63}},"type":"if","locations":[{"start":{"line":66,"column":6},"end":{"line":66,"column":63}}]},"10":{"loc":{"start":{"line":68,"column":6},"end":{"line":68,"column":61}},"type":"if","locations":[{"start":{"line":68,"column":6},"end":{"line":68,"column":61}}]}},"s":{"0":1,"1":1,"2":1,"3":1,"4":1,"5":1,"6":1,"7":1,"8":0,"9":0,"10":0,"11":0,"12":0,"13":0,"14":0,"15":0,"16":0,"17":0,"18":0,"19":0,"20":0,"21":0,"22":0,"23":0,"24":0,"25":0,"26":0,"27":0,"28":0,"29":0,"30":0,"31":0,"32":0,"33":0,"34":0,"35":0,"36":0,"37":0,"38":0,"39":0,"40":0,"41":0,"42":0,"43":0,"44":0,"45":0,"46":0,"47":0,"48":0,"49":0,"50":0,"51":0,"52":0,"53":1},"f":{"0":0,"1":0,"2":0,"3":0,"4":0,"5":0,"6":0},"b":{"0":[0],"1":[0],"2":[0],"3":[0],"4":[0],"5":[0],"6":[0],"7":[0],"8":[0],"9":[0],"10":[0]}}
,"C:\\Users\\brayan\\Documents\\ecommercetotal\\api\\src\\tests\\sum.ts": {"path":"C:\\Users\\brayan\\Documents\\ecommercetotal\\api\\src\\tests\\sum.ts","statementMap":{"0":{"start":{"line":1,"column":0},"end":{"line":1,"column":16}},"1":{"start":{"line":2,"column":0},"end":{"line":2,"column":11}}},"fnMap":{"0":{"name":"sum","decl":{"start":{"line":1,"column":16},"end":{"line":1,"column":19}},"loc":{"start":{"line":1,"column":37},"end":{"line":3,"column":1}}}},"branchMap":{},"s":{"0":1,"1":1},"f":{"0":1},"b":{}}
}
